[0.007s] Invoking command in '/home/rthom/Documents/Research/Montreal/tactile_rummaging_ws/src/ar_track_alvar/build/ar_track_alvar': CMAKE_PREFIX_PATH=/home/rthom/Documents/Research/Montreal/tactile_rummaging_ws/src/ar_track_alvar/install/ar_track_alvar_msgs:${CMAKE_PREFIX_PATH} PKG_CONFIG_PATH=/home/rthom/Documents/Research/Montreal/tactile_rummaging_ws/src/ar_track_alvar/install/ar_track_alvar_msgs/lib/x86_64-linux-gnu/pkgconfig:/home/rthom/Documents/Research/Montreal/tactile_rummaging_ws/src/ar_track_alvar/install/ar_track_alvar_msgs/lib/pkgconfig:${PKG_CONFIG_PATH} PYTHONPATH=/home/rthom/Documents/Research/Montreal/tactile_rummaging_ws/src/ar_track_alvar/install/ar_track_alvar_msgs/lib/python3/dist-packages:${PYTHONPATH} ROS_PACKAGE_PATH=/home/rthom/Documents/Research/Montreal/tactile_rummaging_ws/src/ar_track_alvar/install/ar_track_alvar_msgs/share:${ROS_PACKAGE_PATH} /usr/bin/cmake /home/rthom/Documents/Research/Montreal/tactile_rummaging_ws/src/ar_track_alvar/ar_track_alvar -DCATKIN_INSTALL_INTO_PREFIX_ROOT=0 -DCMAKE_INSTALL_PREFIX=/home/rthom/Documents/Research/Montreal/tactile_rummaging_ws/src/ar_track_alvar/install/ar_track_alvar
[0.062s] -- The C compiler identification is GNU 9.3.0
[0.112s] -- The CXX compiler identification is GNU 9.3.0
[0.117s] -- Check for working C compiler: /usr/bin/cc
[0.168s] -- Check for working C compiler: /usr/bin/cc -- works
[0.169s] -- Detecting C compiler ABI info
[0.220s] -- Detecting C compiler ABI info - done
[0.234s] -- Detecting C compile features
[0.234s] -- Detecting C compile features - done
[0.237s] -- Check for working CXX compiler: /usr/bin/c++
[0.302s] -- Check for working CXX compiler: /usr/bin/c++ -- works
[0.304s] -- Detecting CXX compiler ABI info
[0.369s] -- Detecting CXX compiler ABI info - done
[0.384s] -- Detecting CXX compile features
[0.385s] -- Detecting CXX compile features - done
[0.387s] -- Using CATKIN_DEVEL_PREFIX: /home/rthom/Documents/Research/Montreal/tactile_rummaging_ws/src/ar_track_alvar/build/ar_track_alvar/devel
[0.387s] -- Using CMAKE_PREFIX_PATH: /home/rthom/Documents/Research/Montreal/tactile_rummaging_ws/src/ar_track_alvar/install/ar_track_alvar_msgs;/home/rthom/Documents/Research/Montreal/tactile_rummaging_ws/devel;/opt/ros/noetic
[0.387s] -- This workspace overlays: /home/rthom/Documents/Research/Montreal/tactile_rummaging_ws/src/ar_track_alvar/install/ar_track_alvar_msgs;/home/rthom/Documents/Research/Montreal/tactile_rummaging_ws/devel;/opt/ros/noetic
[0.407s] -- Found PythonInterp: /usr/bin/python3 (found suitable version "3.8.10", minimum required is "3") 
[0.407s] -- Using PYTHON_EXECUTABLE: /usr/bin/python3
[0.407s] -- Using Debian Python package layout
[0.437s] -- Found PY_em: /usr/lib/python3/dist-packages/em.py  
[0.437s] -- Using empy: /usr/lib/python3/dist-packages/em.py
[0.550s] -- Using CATKIN_ENABLE_TESTING: ON
[0.550s] -- Call enable_testing()
[0.552s] -- Using CATKIN_TEST_RESULTS_DIR: /home/rthom/Documents/Research/Montreal/tactile_rummaging_ws/src/ar_track_alvar/build/ar_track_alvar/test_results
[0.799s] -- Forcing gtest/gmock from source, though one was otherwise available.
[0.799s] -- Found gtest sources under '/usr/src/googletest': gtests will be built
[0.799s] -- Found gmock sources under '/usr/src/googletest': gmock will be built
[0.822s] -- Found PythonInterp: /usr/bin/python3 (found version "3.8.10") 
[0.824s] -- Found Threads: TRUE  
[0.828s] -- Using Python nosetests: /usr/bin/nosetests3
[0.882s] -- catkin 0.8.10
[0.883s] -- BUILD_SHARED_LIBS is on
[1.154s] -- Using these message generators: gencpp;geneus;genlisp;gennodejs;genpy
[1.690s] -- Found OpenCV: /usr (found version "4.2.0") 
[1.692s] -- Found TinyXML: /usr/lib/x86_64-linux-gnu/libtinyxml.so  
[1.878s] -- Configuring done
[2.151s] -- Generating done
[2.167s] -- Build files have been written to: /home/rthom/Documents/Research/Montreal/tactile_rummaging_ws/src/ar_track_alvar/build/ar_track_alvar
[2.175s] Invoked command in '/home/rthom/Documents/Research/Montreal/tactile_rummaging_ws/src/ar_track_alvar/build/ar_track_alvar' returned '0': CMAKE_PREFIX_PATH=/home/rthom/Documents/Research/Montreal/tactile_rummaging_ws/src/ar_track_alvar/install/ar_track_alvar_msgs:${CMAKE_PREFIX_PATH} PKG_CONFIG_PATH=/home/rthom/Documents/Research/Montreal/tactile_rummaging_ws/src/ar_track_alvar/install/ar_track_alvar_msgs/lib/x86_64-linux-gnu/pkgconfig:/home/rthom/Documents/Research/Montreal/tactile_rummaging_ws/src/ar_track_alvar/install/ar_track_alvar_msgs/lib/pkgconfig:${PKG_CONFIG_PATH} PYTHONPATH=/home/rthom/Documents/Research/Montreal/tactile_rummaging_ws/src/ar_track_alvar/install/ar_track_alvar_msgs/lib/python3/dist-packages:${PYTHONPATH} ROS_PACKAGE_PATH=/home/rthom/Documents/Research/Montreal/tactile_rummaging_ws/src/ar_track_alvar/install/ar_track_alvar_msgs/share:${ROS_PACKAGE_PATH} /usr/bin/cmake /home/rthom/Documents/Research/Montreal/tactile_rummaging_ws/src/ar_track_alvar/ar_track_alvar -DCATKIN_INSTALL_INTO_PREFIX_ROOT=0 -DCMAKE_INSTALL_PREFIX=/home/rthom/Documents/Research/Montreal/tactile_rummaging_ws/src/ar_track_alvar/install/ar_track_alvar
[2.177s] Invoking command in '/home/rthom/Documents/Research/Montreal/tactile_rummaging_ws/src/ar_track_alvar/build/ar_track_alvar': CMAKE_PREFIX_PATH=/home/rthom/Documents/Research/Montreal/tactile_rummaging_ws/src/ar_track_alvar/install/ar_track_alvar_msgs:${CMAKE_PREFIX_PATH} PKG_CONFIG_PATH=/home/rthom/Documents/Research/Montreal/tactile_rummaging_ws/src/ar_track_alvar/install/ar_track_alvar_msgs/lib/x86_64-linux-gnu/pkgconfig:/home/rthom/Documents/Research/Montreal/tactile_rummaging_ws/src/ar_track_alvar/install/ar_track_alvar_msgs/lib/pkgconfig:${PKG_CONFIG_PATH} PYTHONPATH=/home/rthom/Documents/Research/Montreal/tactile_rummaging_ws/src/ar_track_alvar/install/ar_track_alvar_msgs/lib/python3/dist-packages:${PYTHONPATH} ROS_PACKAGE_PATH=/home/rthom/Documents/Research/Montreal/tactile_rummaging_ws/src/ar_track_alvar/install/ar_track_alvar_msgs/share:${ROS_PACKAGE_PATH} /usr/bin/cmake --build /home/rthom/Documents/Research/Montreal/tactile_rummaging_ws/src/ar_track_alvar/build/ar_track_alvar -- -j12 -l12
[2.221s] [35m[1mScanning dependencies of target nodelet_generate_messages_py[0m
[2.221s] [35m[1mScanning dependencies of target bond_generate_messages_nodejs[0m
[2.221s] [35m[1mScanning dependencies of target pcl_msgs_generate_messages_py[0m
[2.221s] [35m[1mScanning dependencies of target tf2_msgs_generate_messages_cpp[0m
[2.221s] [35m[1mScanning dependencies of target nodelet_generate_messages_nodejs[0m
[2.222s] [35m[1mScanning dependencies of target nodelet_generate_messages_eus[0m
[2.222s] [35m[1mScanning dependencies of target std_srvs_generate_messages_nodejs[0m
[2.222s] [35m[1mScanning dependencies of target rosgraph_msgs_generate_messages_nodejs[0m
[2.222s] [35m[1mScanning dependencies of target pcl_ros_gencfg[0m
[2.224s] [35m[1mScanning dependencies of target pcl_msgs_generate_messages_lisp[0m
[2.237s] [35m[1mScanning dependencies of target pcl_msgs_generate_messages_eus[0m
[2.237s] [  0%] Built target nodelet_generate_messages_py
[2.238s] [  0%] Built target tf2_msgs_generate_messages_cpp
[2.238s] [35m[1mScanning dependencies of target pcl_msgs_generate_messages_nodejs[0m
[2.238s] [  0%] Built target pcl_msgs_generate_messages_py
[2.238s] [  0%] Built target pcl_ros_gencfg
[2.238s] [  0%] Built target pcl_msgs_generate_messages_lisp
[2.238s] [  0%] Built target std_srvs_generate_messages_nodejs
[2.239s] [  0%] Built target nodelet_generate_messages_nodejs
[2.239s] [  0%] Built target bond_generate_messages_nodejs
[2.248s] [  0%] Built target nodelet_generate_messages_eus
[2.249s] [  0%] Built target rosgraph_msgs_generate_messages_nodejs
[2.253s] [35m[1mScanning dependencies of target rosgraph_msgs_generate_messages_cpp[0m
[2.254s] [35m[1mScanning dependencies of target rosgraph_msgs_generate_messages_eus[0m
[2.255s] [35m[1mScanning dependencies of target geometry_msgs_generate_messages_nodejs[0m
[2.255s] [35m[1mScanning dependencies of target roscpp_generate_messages_nodejs[0m
[2.255s] [35m[1mScanning dependencies of target actionlib_generate_messages_eus[0m
[2.255s] [35m[1mScanning dependencies of target roscpp_generate_messages_eus[0m
[2.257s] [  0%] Built target pcl_msgs_generate_messages_nodejs
[2.262s] [  0%] Built target pcl_msgs_generate_messages_eus
[2.262s] [35m[1mScanning dependencies of target dynamic_reconfigure_generate_messages_eus[0m
[2.268s] [35m[1mScanning dependencies of target geometry_msgs_generate_messages_cpp[0m
[2.269s] [35m[1mScanning dependencies of target dynamic_reconfigure_generate_messages_cpp[0m
[2.270s] [  0%] Built target rosgraph_msgs_generate_messages_eus
[2.271s] [  0%] Built target rosgraph_msgs_generate_messages_cpp
[2.271s] [  0%] Built target roscpp_generate_messages_nodejs
[2.271s] [  0%] Built target roscpp_generate_messages_eus
[2.273s] [  0%] Built target actionlib_generate_messages_eus
[2.275s] [  0%] Built target geometry_msgs_generate_messages_nodejs
[2.276s] [35m[1mScanning dependencies of target ar_track_alvar_msgs_generate_messages_cpp[0m
[2.283s] [35m[1mScanning dependencies of target ar_track_alvar_msgs_generate_messages_lisp[0m
[2.285s] [35m[1mScanning dependencies of target visualization_msgs_generate_messages_eus[0m
[2.285s] [  0%] Built target geometry_msgs_generate_messages_cpp
[2.287s] [35m[1mScanning dependencies of target actionlib_msgs_generate_messages_py[0m
[2.287s] [35m[1mScanning dependencies of target visualization_msgs_generate_messages_nodejs[0m
[2.287s] [  0%] Built target dynamic_reconfigure_generate_messages_eus
[2.288s] [  0%] Built target dynamic_reconfigure_generate_messages_cpp
[2.289s] [35m[1mScanning dependencies of target rosgraph_msgs_generate_messages_py[0m
[2.296s] [  0%] Built target ar_track_alvar_msgs_generate_messages_cpp
[2.298s] [  0%] Built target ar_track_alvar_msgs_generate_messages_lisp
[2.298s] [35m[1mScanning dependencies of target dynamic_reconfigure_generate_messages_py[0m
[2.299s] [35m[1mScanning dependencies of target rosgraph_msgs_generate_messages_lisp[0m
[2.299s] [35m[1mScanning dependencies of target actionlib_msgs_generate_messages_eus[0m
[2.301s] [35m[1mScanning dependencies of target std_srvs_generate_messages_cpp[0m
[2.304s] [35m[1mScanning dependencies of target std_msgs_generate_messages_lisp[0m
[2.304s] [  0%] Built target visualization_msgs_generate_messages_nodejs
[2.305s] [  0%] Built target visualization_msgs_generate_messages_eus
[2.312s] [  0%] Built target rosgraph_msgs_generate_messages_py
[2.313s] [  0%] Built target actionlib_msgs_generate_messages_py
[2.313s] [35m[1mScanning dependencies of target nodelet_generate_messages_lisp[0m
[2.313s] [35m[1mScanning dependencies of target ar_track_alvar_msgs_generate_messages_py[0m
[2.313s] [35m[1mScanning dependencies of target std_msgs_generate_messages_nodejs[0m
[2.318s] [  0%] Built target dynamic_reconfigure_generate_messages_py
[2.318s] [  0%] Built target actionlib_msgs_generate_messages_eus
[2.319s] [  0%] Built target rosgraph_msgs_generate_messages_lisp
[2.319s] [  0%] Built target std_srvs_generate_messages_cpp
[2.320s] [35m[1mScanning dependencies of target geometry_msgs_generate_messages_lisp[0m
[2.328s] [  0%] Built target std_msgs_generate_messages_lisp
[2.328s] [35m[1mScanning dependencies of target ar_track_alvar_msgs_generate_messages_eus[0m
[2.329s] [  0%] Built target nodelet_generate_messages_lisp
[2.331s] [  0%] Built target ar_track_alvar_msgs_generate_messages_py
[2.331s] [35m[1mScanning dependencies of target tf_generate_messages_py[0m
[2.332s] [  0%] Built target std_msgs_generate_messages_nodejs
[2.333s] [35m[1mScanning dependencies of target actionlib_msgs_generate_messages_nodejs[0m
[2.334s] [35m[1mScanning dependencies of target actionlib_msgs_generate_messages_lisp[0m
[2.334s] [35m[1mScanning dependencies of target ar_track_alvar_msgs_generate_messages_nodejs[0m
[2.339s] [35m[1mScanning dependencies of target sensor_msgs_generate_messages_py[0m
[2.342s] [  0%] Built target geometry_msgs_generate_messages_lisp
[2.342s] [35m[1mScanning dependencies of target ar_track_alvar_gencfg[0m
[2.347s] [  0%] Built target ar_track_alvar_msgs_generate_messages_eus
[2.347s] [35m[1mScanning dependencies of target bond_generate_messages_lisp[0m
[2.347s] [35m[1mScanning dependencies of target geometry_msgs_generate_messages_py[0m
[2.348s] [35m[1mScanning dependencies of target tf2_msgs_generate_messages_eus[0m
[2.350s] [35m[1mScanning dependencies of target nodelet_topic_tools_gencfg[0m
[2.358s] [  0%] Built target tf_generate_messages_py
[2.358s] [  0%] Built target actionlib_msgs_generate_messages_lisp
[2.358s] [  0%] Built target ar_track_alvar_msgs_generate_messages_nodejs
[2.359s] [  0%] Built target actionlib_msgs_generate_messages_nodejs
[2.361s] [  0%] Built target sensor_msgs_generate_messages_py
[2.364s] [  2%] [34m[1mGenerating dynamic reconfigure files from cfg/Params.cfg: /home/rthom/Documents/Research/Montreal/tactile_rummaging_ws/src/ar_track_alvar/build/ar_track_alvar/devel/include/ar_track_alvar/ParamsConfig.h /home/rthom/Documents/Research/Montreal/tactile_rummaging_ws/src/ar_track_alvar/build/ar_track_alvar/devel/lib/python3/dist-packages/ar_track_alvar/cfg/ParamsConfig.py[0m
[2.365s] [35m[1mScanning dependencies of target sensor_msgs_generate_messages_eus[0m
[2.367s] [  2%] Built target geometry_msgs_generate_messages_py
[2.368s] [  2%] Built target tf2_msgs_generate_messages_eus
[2.371s] [35m[1mScanning dependencies of target tf_generate_messages_eus[0m
[2.372s] [35m[1mScanning dependencies of target bond_generate_messages_eus[0m
[2.373s] [  2%] Built target bond_generate_messages_lisp
[2.373s] [35m[1mScanning dependencies of target visualization_msgs_generate_messages_cpp[0m
[2.375s] [  2%] Built target nodelet_topic_tools_gencfg
[2.388s] [  2%] Built target sensor_msgs_generate_messages_eus
[2.388s] [  2%] Built target tf_generate_messages_eus
[2.389s] [  2%] Built target bond_generate_messages_eus
[2.389s] [35m[1mScanning dependencies of target dynamic_reconfigure_generate_messages_nodejs[0m
[2.389s] [35m[1mScanning dependencies of target roscpp_generate_messages_py[0m
[2.389s] [35m[1mScanning dependencies of target geometry_msgs_generate_messages_eus[0m
[2.389s] [35m[1mScanning dependencies of target sensor_msgs_generate_messages_nodejs[0m
[2.390s] [35m[1mScanning dependencies of target bond_generate_messages_cpp[0m
[2.391s] [  2%] Built target visualization_msgs_generate_messages_cpp
[2.401s] [35m[1mScanning dependencies of target std_msgs_generate_messages_py[0m
[2.401s] [35m[1mScanning dependencies of target dynamic_reconfigure_gencfg[0m
[2.403s] [35m[1mScanning dependencies of target tf2_msgs_generate_messages_py[0m
[2.404s] [35m[1mScanning dependencies of target sensor_msgs_generate_messages_cpp[0m
[2.404s] [35m[1mScanning dependencies of target pcl_msgs_generate_messages_cpp[0m
[2.408s] [  2%] Built target dynamic_reconfigure_generate_messages_nodejs
[2.409s] [  2%] Built target roscpp_generate_messages_py
[2.412s] [  2%] Built target bond_generate_messages_cpp
[2.414s] [  2%] Built target geometry_msgs_generate_messages_eus
[2.415s] [  2%] Built target sensor_msgs_generate_messages_nodejs
[2.416s] [35m[1mScanning dependencies of target roscpp_generate_messages_cpp[0m
[2.421s] [  2%] Built target tf2_msgs_generate_messages_py
[2.421s] [  2%] Built target std_msgs_generate_messages_py
[2.422s] [  2%] Built target dynamic_reconfigure_gencfg
[2.423s] [  2%] Built target pcl_msgs_generate_messages_cpp
[2.427s] [  2%] Built target sensor_msgs_generate_messages_cpp
[2.429s] [35m[1mScanning dependencies of target dynamic_reconfigure_generate_messages_lisp[0m
[2.431s] [35m[1mScanning dependencies of target std_msgs_generate_messages_eus[0m
[2.431s] [35m[1mScanning dependencies of target std_srvs_generate_messages_eus[0m
[2.432s] [35m[1mScanning dependencies of target std_srvs_generate_messages_lisp[0m
[2.441s] [  2%] Built target roscpp_generate_messages_cpp
[2.442s] [35m[1mScanning dependencies of target topic_tools_generate_messages_cpp[0m
[2.443s] [35m[1mScanning dependencies of target topic_tools_generate_messages_eus[0m
[2.445s] [  2%] Built target dynamic_reconfigure_generate_messages_lisp
[2.445s] [35m[1mScanning dependencies of target visualization_msgs_generate_messages_py[0m
[2.446s] [35m[1mScanning dependencies of target roscpp_generate_messages_lisp[0m
[2.447s] [  2%] Built target std_msgs_generate_messages_eus
[2.447s] [  2%] Built target std_srvs_generate_messages_lisp
[2.451s] [  2%] Built target std_srvs_generate_messages_eus
[2.460s] [  2%] Built target topic_tools_generate_messages_eus
[2.460s] [35m[1mScanning dependencies of target tf_generate_messages_cpp[0m
[2.461s] [35m[1mScanning dependencies of target topic_tools_generate_messages_lisp[0m
[2.461s] [  2%] Built target roscpp_generate_messages_lisp
[2.461s] [  2%] Built target visualization_msgs_generate_messages_py
[2.462s] [  2%] Built target topic_tools_generate_messages_cpp
[2.466s] [35m[1mScanning dependencies of target topic_tools_generate_messages_py[0m
[2.469s] [35m[1mScanning dependencies of target tf_generate_messages_lisp[0m
[2.469s] [35m[1mScanning dependencies of target tf_generate_messages_nodejs[0m
[2.470s] [35m[1mScanning dependencies of target topic_tools_generate_messages_nodejs[0m
[2.474s] Generating reconfiguration files for Params in ar_track_alvar
[2.475s] [35m[1mScanning dependencies of target actionlib_generate_messages_lisp[0m
[2.477s] [  2%] Built target tf_generate_messages_cpp
[2.477s] Wrote header file in /home/rthom/Documents/Research/Montreal/tactile_rummaging_ws/src/ar_track_alvar/build/ar_track_alvar/devel/include/ar_track_alvar/ParamsConfig.h
[2.478s] [35m[1mScanning dependencies of target actionlib_generate_messages_nodejs[0m
[2.478s] [35m[1mScanning dependencies of target std_srvs_generate_messages_py[0m
[2.481s] [  2%] Built target topic_tools_generate_messages_lisp
[2.483s] [  2%] Built target topic_tools_generate_messages_py
[2.483s] [35m[1mScanning dependencies of target actionlib_msgs_generate_messages_cpp[0m
[2.489s] [35m[1mScanning dependencies of target actionlib_generate_messages_py[0m
[2.491s] [35m[1mScanning dependencies of target tf2_msgs_generate_messages_lisp[0m
[2.492s] [  2%] Built target tf_generate_messages_lisp
[2.493s] [  2%] Built target actionlib_generate_messages_lisp
[2.493s] [  2%] Built target tf_generate_messages_nodejs
[2.495s] [  2%] Built target topic_tools_generate_messages_nodejs
[2.495s] [  2%] Built target std_srvs_generate_messages_py
[2.498s] [35m[1mScanning dependencies of target nodelet_generate_messages_cpp[0m
[2.505s] [  2%] Built target actionlib_generate_messages_nodejs
[2.507s] [35m[1mScanning dependencies of target sensor_msgs_generate_messages_lisp[0m
[2.510s] [35m[1mScanning dependencies of target tf2_msgs_generate_messages_nodejs[0m
[2.510s] [35m[1mScanning dependencies of target visualization_msgs_generate_messages_lisp[0m
[2.510s] [35m[1mScanning dependencies of target std_msgs_generate_messages_cpp[0m
[2.515s] [  2%] Built target nodelet_generate_messages_cpp
[2.517s] [  2%] Built target actionlib_msgs_generate_messages_cpp
[2.517s] [  2%] Built target tf2_msgs_generate_messages_lisp
[2.518s] [  2%] Built target actionlib_generate_messages_py
[2.527s] [  2%] Built target std_msgs_generate_messages_cpp
[2.527s] [  2%] Built target visualization_msgs_generate_messages_lisp
[2.529s] [  2%] Built target sensor_msgs_generate_messages_lisp
[2.529s] [  2%] Built target ar_track_alvar_gencfg
[2.530s] [  2%] Built target tf2_msgs_generate_messages_nodejs
[2.530s] [35m[1mScanning dependencies of target bond_generate_messages_py[0m
[2.530s] [35m[1mScanning dependencies of target actionlib_generate_messages_cpp[0m
[2.539s] [  2%] Built target bond_generate_messages_py
[2.539s] [  2%] Built target actionlib_generate_messages_cpp
[2.549s] [35m[1mScanning dependencies of target ar_track_alvar[0m
[2.550s] [35m[1mScanning dependencies of target kinect_filtering[0m
[2.630s] [  4%] [32mBuilding CXX object CMakeFiles/kinect_filtering.dir/src/kinect_filtering.cpp.o[0m
[2.708s] [  6%] [32mBuilding CXX object CMakeFiles/ar_track_alvar.dir/src/Bitset.cpp.o[0m
[2.710s] [  8%] [32mBuilding CXX object CMakeFiles/ar_track_alvar.dir/src/CaptureDevice.cpp.o[0m
[2.711s] [ 10%] [32mBuilding CXX object CMakeFiles/ar_track_alvar.dir/src/Camera.cpp.o[0m
[2.712s] [ 14%] [32mBuilding CXX object CMakeFiles/ar_track_alvar.dir/src/CaptureFactory_unix.cpp.o[0m
[2.713s] [ 14%] [32mBuilding CXX object CMakeFiles/ar_track_alvar.dir/src/CvTestbed.cpp.o[0m
[2.713s] [ 17%] [32mBuilding CXX object CMakeFiles/ar_track_alvar.dir/src/DirectoryIterator.cpp.o[0m
[2.713s] [ 21%] [32mBuilding CXX object CMakeFiles/ar_track_alvar.dir/src/DirectoryIterator_unix.cpp.o[0m
[2.713s] [ 21%] [32mBuilding CXX object CMakeFiles/ar_track_alvar.dir/src/ConnectedComponents.cpp.o[0m
[2.714s] [ 23%] [32mBuilding CXX object CMakeFiles/ar_track_alvar.dir/src/CaptureFactory.cpp.o[0m
[2.716s] [ 25%] [32mBuilding CXX object CMakeFiles/ar_track_alvar.dir/src/Draw.cpp.o[0m
[2.724s] [ 27%] [32mBuilding CXX object CMakeFiles/ar_track_alvar.dir/src/FileFormatUtils.cpp.o[0m
[3.172s] [ 29%] [32mBuilding CXX object CMakeFiles/ar_track_alvar.dir/src/Filter.cpp.o[0m
[3.285s] [ 31%] [32mBuilding CXX object CMakeFiles/ar_track_alvar.dir/src/Kalman.cpp.o[0m
[3.368s] [ 34%] [32mBuilding CXX object CMakeFiles/ar_track_alvar.dir/src/Line.cpp.o[0m
[3.435s] [ 36%] [32mBuilding CXX object CMakeFiles/ar_track_alvar.dir/src/Marker.cpp.o[0m
[3.980s] [ 38%] [32mBuilding CXX object CMakeFiles/ar_track_alvar.dir/src/MarkerDetector.cpp.o[0m
[4.369s] [ 40%] [32mBuilding CXX object CMakeFiles/ar_track_alvar.dir/src/MultiMarker.cpp.o[0m
[4.460s] [ 42%] [32mBuilding CXX object CMakeFiles/ar_track_alvar.dir/src/MultiMarkerBundle.cpp.o[0m
[4.767s] [ 44%] [32mBuilding CXX object CMakeFiles/ar_track_alvar.dir/src/MultiMarkerInitializer.cpp.o[0m
[5.515s] [ 46%] [32mBuilding CXX object CMakeFiles/ar_track_alvar.dir/src/Mutex.cpp.o[0m
[5.570s] [ 48%] [32mBuilding CXX object CMakeFiles/ar_track_alvar.dir/src/Mutex_unix.cpp.o[0m
[5.685s] [ 51%] [32mBuilding CXX object CMakeFiles/ar_track_alvar.dir/src/Optimization.cpp.o[0m
[6.152s] [ 53%] [32mBuilding CXX object CMakeFiles/ar_track_alvar.dir/src/Plugin.cpp.o[0m
[6.569s] [ 55%] [32mBuilding CXX object CMakeFiles/ar_track_alvar.dir/src/Plugin_unix.cpp.o[0m
[7.219s] [ 57%] [32mBuilding CXX object CMakeFiles/ar_track_alvar.dir/src/Pose.cpp.o[0m
[7.261s] [ 59%] [32mBuilding CXX object CMakeFiles/ar_track_alvar.dir/src/Rotation.cpp.o[0m
[7.828s] [ 61%] [32mBuilding CXX object CMakeFiles/ar_track_alvar.dir/src/Threads.cpp.o[0m
[7.968s] [ 63%] [32mBuilding CXX object CMakeFiles/ar_track_alvar.dir/src/Threads_unix.cpp.o[0m
[8.210s] [ 65%] [32mBuilding CXX object CMakeFiles/ar_track_alvar.dir/src/Util.cpp.o[0m
[17.168s] [ 68%] [32m[1mLinking CXX shared library devel/lib/libkinect_filtering.so[0m
[18.509s] [ 68%] Built target kinect_filtering
[21.174s] [ 70%] [32m[1mLinking CXX shared library devel/lib/libar_track_alvar.so[0m
[21.672s] [ 70%] Built target ar_track_alvar
[21.683s] [35m[1mScanning dependencies of target individualMarkersNoKinect[0m
[21.683s] [35m[1mScanning dependencies of target individualMarkers[0m
[21.683s] [35m[1mScanning dependencies of target createMarker[0m
[21.684s] [35m[1mScanning dependencies of target findMarkerBundlesNoKinect[0m
[21.685s] [35m[1mScanning dependencies of target trainMarkerBundle[0m
[21.687s] [35m[1mScanning dependencies of target medianFilter[0m
[21.742s] [ 72%] [32mBuilding CXX object CMakeFiles/medianFilter.dir/src/medianFilter.cpp.o[0m
[21.786s] [ 74%] [32mBuilding CXX object CMakeFiles/createMarker.dir/src/SampleMarkerCreator.cpp.o[0m
[21.792s] [ 76%] [32mBuilding CXX object CMakeFiles/individualMarkers.dir/nodes/IndividualMarkers.cpp.o[0m
[21.792s] [ 78%] [32mBuilding CXX object CMakeFiles/findMarkerBundlesNoKinect.dir/nodes/FindMarkerBundlesNoKinect.cpp.o[0m
[21.812s] [ 80%] [32mBuilding CXX object CMakeFiles/individualMarkersNoKinect.dir/nodes/IndividualMarkersNoKinect.cpp.o[0m
[21.823s] [ 82%] [32mBuilding CXX object CMakeFiles/trainMarkerBundle.dir/nodes/TrainMarkerBundle.cpp.o[0m
[23.183s] [ 85%] [32m[1mLinking CXX shared library devel/lib/libmedianFilter.so[0m
[24.459s] [ 85%] Built target medianFilter
[24.476s] [35m[1mScanning dependencies of target findMarkerBundles[0m
[24.642s] [ 87%] [32mBuilding CXX object CMakeFiles/findMarkerBundles.dir/nodes/FindMarkerBundles.cpp.o[0m
[37.030s] [ 89%] [32m[1mLinking CXX executable devel/lib/ar_track_alvar/trainMarkerBundle[0m
[37.851s] [ 91%] [32m[1mLinking CXX executable devel/lib/ar_track_alvar/createMarker[0m
[38.782s] [ 91%] Built target trainMarkerBundle
[39.054s] [ 93%] [32m[1mLinking CXX executable devel/lib/ar_track_alvar/findMarkerBundlesNoKinect[0m
[39.397s] [ 93%] Built target createMarker
[42.280s] [ 93%] Built target findMarkerBundlesNoKinect
[42.542s] [ 95%] [32m[1mLinking CXX executable devel/lib/ar_track_alvar/individualMarkers[0m
[42.597s] [ 97%] [32m[1mLinking CXX executable devel/lib/ar_track_alvar/individualMarkersNoKinect[0m
[43.903s] [100%] [32m[1mLinking CXX executable devel/lib/ar_track_alvar/findMarkerBundles[0m
[44.230s] [100%] Built target individualMarkersNoKinect
[44.631s] [100%] Built target individualMarkers
[45.928s] [100%] Built target findMarkerBundles
[45.938s] Invoked command in '/home/rthom/Documents/Research/Montreal/tactile_rummaging_ws/src/ar_track_alvar/build/ar_track_alvar' returned '0': CMAKE_PREFIX_PATH=/home/rthom/Documents/Research/Montreal/tactile_rummaging_ws/src/ar_track_alvar/install/ar_track_alvar_msgs:${CMAKE_PREFIX_PATH} PKG_CONFIG_PATH=/home/rthom/Documents/Research/Montreal/tactile_rummaging_ws/src/ar_track_alvar/install/ar_track_alvar_msgs/lib/x86_64-linux-gnu/pkgconfig:/home/rthom/Documents/Research/Montreal/tactile_rummaging_ws/src/ar_track_alvar/install/ar_track_alvar_msgs/lib/pkgconfig:${PKG_CONFIG_PATH} PYTHONPATH=/home/rthom/Documents/Research/Montreal/tactile_rummaging_ws/src/ar_track_alvar/install/ar_track_alvar_msgs/lib/python3/dist-packages:${PYTHONPATH} ROS_PACKAGE_PATH=/home/rthom/Documents/Research/Montreal/tactile_rummaging_ws/src/ar_track_alvar/install/ar_track_alvar_msgs/share:${ROS_PACKAGE_PATH} /usr/bin/cmake --build /home/rthom/Documents/Research/Montreal/tactile_rummaging_ws/src/ar_track_alvar/build/ar_track_alvar -- -j12 -l12
[46.033s] Invoking command in '/home/rthom/Documents/Research/Montreal/tactile_rummaging_ws/src/ar_track_alvar/build/ar_track_alvar': CMAKE_PREFIX_PATH=/home/rthom/Documents/Research/Montreal/tactile_rummaging_ws/src/ar_track_alvar/install/ar_track_alvar_msgs:${CMAKE_PREFIX_PATH} PKG_CONFIG_PATH=/home/rthom/Documents/Research/Montreal/tactile_rummaging_ws/src/ar_track_alvar/install/ar_track_alvar_msgs/lib/x86_64-linux-gnu/pkgconfig:/home/rthom/Documents/Research/Montreal/tactile_rummaging_ws/src/ar_track_alvar/install/ar_track_alvar_msgs/lib/pkgconfig:${PKG_CONFIG_PATH} PYTHONPATH=/home/rthom/Documents/Research/Montreal/tactile_rummaging_ws/src/ar_track_alvar/install/ar_track_alvar_msgs/lib/python3/dist-packages:${PYTHONPATH} ROS_PACKAGE_PATH=/home/rthom/Documents/Research/Montreal/tactile_rummaging_ws/src/ar_track_alvar/install/ar_track_alvar_msgs/share:${ROS_PACKAGE_PATH} /usr/bin/cmake --build /home/rthom/Documents/Research/Montreal/tactile_rummaging_ws/src/ar_track_alvar/build/ar_track_alvar --target tests -- -j12 -l12
[46.081s] [35m[1mScanning dependencies of target tests[0m
[46.088s] Built target tests
[46.096s] Invoked command in '/home/rthom/Documents/Research/Montreal/tactile_rummaging_ws/src/ar_track_alvar/build/ar_track_alvar' returned '0': CMAKE_PREFIX_PATH=/home/rthom/Documents/Research/Montreal/tactile_rummaging_ws/src/ar_track_alvar/install/ar_track_alvar_msgs:${CMAKE_PREFIX_PATH} PKG_CONFIG_PATH=/home/rthom/Documents/Research/Montreal/tactile_rummaging_ws/src/ar_track_alvar/install/ar_track_alvar_msgs/lib/x86_64-linux-gnu/pkgconfig:/home/rthom/Documents/Research/Montreal/tactile_rummaging_ws/src/ar_track_alvar/install/ar_track_alvar_msgs/lib/pkgconfig:${PKG_CONFIG_PATH} PYTHONPATH=/home/rthom/Documents/Research/Montreal/tactile_rummaging_ws/src/ar_track_alvar/install/ar_track_alvar_msgs/lib/python3/dist-packages:${PYTHONPATH} ROS_PACKAGE_PATH=/home/rthom/Documents/Research/Montreal/tactile_rummaging_ws/src/ar_track_alvar/install/ar_track_alvar_msgs/share:${ROS_PACKAGE_PATH} /usr/bin/cmake --build /home/rthom/Documents/Research/Montreal/tactile_rummaging_ws/src/ar_track_alvar/build/ar_track_alvar --target tests -- -j12 -l12
[46.193s] Invoking command in '/home/rthom/Documents/Research/Montreal/tactile_rummaging_ws/src/ar_track_alvar/build/ar_track_alvar': CMAKE_PREFIX_PATH=/home/rthom/Documents/Research/Montreal/tactile_rummaging_ws/src/ar_track_alvar/install/ar_track_alvar_msgs:${CMAKE_PREFIX_PATH} PKG_CONFIG_PATH=/home/rthom/Documents/Research/Montreal/tactile_rummaging_ws/src/ar_track_alvar/install/ar_track_alvar_msgs/lib/x86_64-linux-gnu/pkgconfig:/home/rthom/Documents/Research/Montreal/tactile_rummaging_ws/src/ar_track_alvar/install/ar_track_alvar_msgs/lib/pkgconfig:${PKG_CONFIG_PATH} PYTHONPATH=/home/rthom/Documents/Research/Montreal/tactile_rummaging_ws/src/ar_track_alvar/install/ar_track_alvar_msgs/lib/python3/dist-packages:${PYTHONPATH} ROS_PACKAGE_PATH=/home/rthom/Documents/Research/Montreal/tactile_rummaging_ws/src/ar_track_alvar/install/ar_track_alvar_msgs/share:${ROS_PACKAGE_PATH} /usr/bin/cmake --install /home/rthom/Documents/Research/Montreal/tactile_rummaging_ws/src/ar_track_alvar/build/ar_track_alvar
[46.200s] -- Install configuration: ""
[46.200s] -- Installing: /home/rthom/Documents/Research/Montreal/tactile_rummaging_ws/src/ar_track_alvar/install/ar_track_alvar/include/ar_track_alvar/ParamsConfig.h
[46.200s] -- Installing: /home/rthom/Documents/Research/Montreal/tactile_rummaging_ws/src/ar_track_alvar/install/ar_track_alvar/lib/python3/dist-packages/ar_track_alvar/__init__.py
[46.225s] Listing '/home/rthom/Documents/Research/Montreal/tactile_rummaging_ws/src/ar_track_alvar/build/ar_track_alvar/devel/lib/python3/dist-packages/ar_track_alvar/cfg'...
[46.225s] Compiling '/home/rthom/Documents/Research/Montreal/tactile_rummaging_ws/src/ar_track_alvar/build/ar_track_alvar/devel/lib/python3/dist-packages/ar_track_alvar/cfg/ParamsConfig.py'...
[46.225s] Compiling '/home/rthom/Documents/Research/Montreal/tactile_rummaging_ws/src/ar_track_alvar/build/ar_track_alvar/devel/lib/python3/dist-packages/ar_track_alvar/cfg/__init__.py'...
[46.228s] -- Installing: /home/rthom/Documents/Research/Montreal/tactile_rummaging_ws/src/ar_track_alvar/install/ar_track_alvar/lib/python3/dist-packages/ar_track_alvar/cfg
[46.229s] -- Installing: /home/rthom/Documents/Research/Montreal/tactile_rummaging_ws/src/ar_track_alvar/install/ar_track_alvar/lib/python3/dist-packages/ar_track_alvar/cfg/__pycache__
[46.229s] -- Installing: /home/rthom/Documents/Research/Montreal/tactile_rummaging_ws/src/ar_track_alvar/install/ar_track_alvar/lib/python3/dist-packages/ar_track_alvar/cfg/__pycache__/__init__.cpython-38.pyc
[46.229s] -- Installing: /home/rthom/Documents/Research/Montreal/tactile_rummaging_ws/src/ar_track_alvar/install/ar_track_alvar/lib/python3/dist-packages/ar_track_alvar/cfg/__pycache__/ParamsConfig.cpython-38.pyc
[46.229s] -- Installing: /home/rthom/Documents/Research/Montreal/tactile_rummaging_ws/src/ar_track_alvar/install/ar_track_alvar/lib/python3/dist-packages/ar_track_alvar/cfg/__init__.py
[46.229s] -- Installing: /home/rthom/Documents/Research/Montreal/tactile_rummaging_ws/src/ar_track_alvar/install/ar_track_alvar/lib/python3/dist-packages/ar_track_alvar/cfg/ParamsConfig.py
[46.229s] -- Installing: /home/rthom/Documents/Research/Montreal/tactile_rummaging_ws/src/ar_track_alvar/install/ar_track_alvar/lib/pkgconfig/ar_track_alvar.pc
[46.229s] -- Installing: /home/rthom/Documents/Research/Montreal/tactile_rummaging_ws/src/ar_track_alvar/install/ar_track_alvar/share/ar_track_alvar/cmake/ar_track_alvarConfig.cmake
[46.229s] -- Installing: /home/rthom/Documents/Research/Montreal/tactile_rummaging_ws/src/ar_track_alvar/install/ar_track_alvar/share/ar_track_alvar/cmake/ar_track_alvarConfig-version.cmake
[46.229s] -- Installing: /home/rthom/Documents/Research/Montreal/tactile_rummaging_ws/src/ar_track_alvar/install/ar_track_alvar/share/ar_track_alvar/package.xml
[46.229s] -- Installing: /home/rthom/Documents/Research/Montreal/tactile_rummaging_ws/src/ar_track_alvar/install/ar_track_alvar/lib/libar_track_alvar.so
[46.233s] -- Set runtime path of "/home/rthom/Documents/Research/Montreal/tactile_rummaging_ws/src/ar_track_alvar/install/ar_track_alvar/lib/libar_track_alvar.so" to ""
[46.233s] -- Installing: /home/rthom/Documents/Research/Montreal/tactile_rummaging_ws/src/ar_track_alvar/install/ar_track_alvar/lib/ar_track_alvar/createMarker
[46.233s] -- Set runtime path of "/home/rthom/Documents/Research/Montreal/tactile_rummaging_ws/src/ar_track_alvar/install/ar_track_alvar/lib/ar_track_alvar/createMarker" to ""
[46.234s] -- Installing: /home/rthom/Documents/Research/Montreal/tactile_rummaging_ws/src/ar_track_alvar/install/ar_track_alvar/lib/ar_track_alvar/findMarkerBundles
[46.237s] -- Set runtime path of "/home/rthom/Documents/Research/Montreal/tactile_rummaging_ws/src/ar_track_alvar/install/ar_track_alvar/lib/ar_track_alvar/findMarkerBundles" to ""
[46.237s] -- Installing: /home/rthom/Documents/Research/Montreal/tactile_rummaging_ws/src/ar_track_alvar/install/ar_track_alvar/lib/ar_track_alvar/findMarkerBundlesNoKinect
[46.239s] -- Set runtime path of "/home/rthom/Documents/Research/Montreal/tactile_rummaging_ws/src/ar_track_alvar/install/ar_track_alvar/lib/ar_track_alvar/findMarkerBundlesNoKinect" to ""
[46.239s] -- Installing: /home/rthom/Documents/Research/Montreal/tactile_rummaging_ws/src/ar_track_alvar/install/ar_track_alvar/lib/ar_track_alvar/individualMarkers
[46.242s] -- Set runtime path of "/home/rthom/Documents/Research/Montreal/tactile_rummaging_ws/src/ar_track_alvar/install/ar_track_alvar/lib/ar_track_alvar/individualMarkers" to ""
[46.242s] -- Installing: /home/rthom/Documents/Research/Montreal/tactile_rummaging_ws/src/ar_track_alvar/install/ar_track_alvar/lib/ar_track_alvar/individualMarkersNoKinect
[46.244s] -- Set runtime path of "/home/rthom/Documents/Research/Montreal/tactile_rummaging_ws/src/ar_track_alvar/install/ar_track_alvar/lib/ar_track_alvar/individualMarkersNoKinect" to ""
[46.244s] -- Installing: /home/rthom/Documents/Research/Montreal/tactile_rummaging_ws/src/ar_track_alvar/install/ar_track_alvar/lib/libkinect_filtering.so
[46.245s] -- Set runtime path of "/home/rthom/Documents/Research/Montreal/tactile_rummaging_ws/src/ar_track_alvar/install/ar_track_alvar/lib/libkinect_filtering.so" to ""
[46.245s] -- Installing: /home/rthom/Documents/Research/Montreal/tactile_rummaging_ws/src/ar_track_alvar/install/ar_track_alvar/lib/libmedianFilter.so
[46.246s] -- Set runtime path of "/home/rthom/Documents/Research/Montreal/tactile_rummaging_ws/src/ar_track_alvar/install/ar_track_alvar/lib/libmedianFilter.so" to ""
[46.246s] -- Installing: /home/rthom/Documents/Research/Montreal/tactile_rummaging_ws/src/ar_track_alvar/install/ar_track_alvar/lib/ar_track_alvar/trainMarkerBundle
[46.247s] -- Set runtime path of "/home/rthom/Documents/Research/Montreal/tactile_rummaging_ws/src/ar_track_alvar/install/ar_track_alvar/lib/ar_track_alvar/trainMarkerBundle" to ""
[46.247s] -- Up-to-date: /home/rthom/Documents/Research/Montreal/tactile_rummaging_ws/src/ar_track_alvar/install/ar_track_alvar/include/ar_track_alvar
[46.247s] -- Installing: /home/rthom/Documents/Research/Montreal/tactile_rummaging_ws/src/ar_track_alvar/install/ar_track_alvar/include/ar_track_alvar/Ransac.h
[46.247s] -- Installing: /home/rthom/Documents/Research/Montreal/tactile_rummaging_ws/src/ar_track_alvar/install/ar_track_alvar/include/ar_track_alvar/Kalman.h
[46.248s] -- Installing: /home/rthom/Documents/Research/Montreal/tactile_rummaging_ws/src/ar_track_alvar/install/ar_track_alvar/include/ar_track_alvar/Filter.h
[46.248s] -- Installing: /home/rthom/Documents/Research/Montreal/tactile_rummaging_ws/src/ar_track_alvar/install/ar_track_alvar/include/ar_track_alvar/MultiMarkerBundle.h
[46.248s] -- Installing: /home/rthom/Documents/Research/Montreal/tactile_rummaging_ws/src/ar_track_alvar/install/ar_track_alvar/include/ar_track_alvar/Threads_private.h
[46.248s] -- Installing: /home/rthom/Documents/Research/Montreal/tactile_rummaging_ws/src/ar_track_alvar/install/ar_track_alvar/include/ar_track_alvar/ConnectedComponents.h
[46.248s] -- Installing: /home/rthom/Documents/Research/Montreal/tactile_rummaging_ws/src/ar_track_alvar/install/ar_track_alvar/include/ar_track_alvar/IntegralImage.h
[46.248s] -- Installing: /home/rthom/Documents/Research/Montreal/tactile_rummaging_ws/src/ar_track_alvar/install/ar_track_alvar/include/ar_track_alvar/CvTestbed.h
[46.248s] -- Installing: /home/rthom/Documents/Research/Montreal/tactile_rummaging_ws/src/ar_track_alvar/install/ar_track_alvar/include/ar_track_alvar/Mutex_private.h
[46.248s] -- Installing: /home/rthom/Documents/Research/Montreal/tactile_rummaging_ws/src/ar_track_alvar/install/ar_track_alvar/include/ar_track_alvar/filter
[46.248s] -- Installing: /home/rthom/Documents/Research/Montreal/tactile_rummaging_ws/src/ar_track_alvar/install/ar_track_alvar/include/ar_track_alvar/filter/kinect_filtering.h
[46.248s] -- Installing: /home/rthom/Documents/Research/Montreal/tactile_rummaging_ws/src/ar_track_alvar/install/ar_track_alvar/include/ar_track_alvar/filter/medianFilter.h
[46.248s] -- Installing: /home/rthom/Documents/Research/Montreal/tactile_rummaging_ws/src/ar_track_alvar/install/ar_track_alvar/include/ar_track_alvar/DirectoryIterator_private.h
[46.249s] -- Installing: /home/rthom/Documents/Research/Montreal/tactile_rummaging_ws/src/ar_track_alvar/install/ar_track_alvar/include/ar_track_alvar/Bitset.h
[46.249s] -- Installing: /home/rthom/Documents/Research/Montreal/tactile_rummaging_ws/src/ar_track_alvar/install/ar_track_alvar/include/ar_track_alvar/Alvar.h
[46.249s] -- Installing: /home/rthom/Documents/Research/Montreal/tactile_rummaging_ws/src/ar_track_alvar/install/ar_track_alvar/include/ar_track_alvar/SfM.h
[46.249s] -- Installing: /home/rthom/Documents/Research/Montreal/tactile_rummaging_ws/src/ar_track_alvar/install/ar_track_alvar/include/ar_track_alvar/TrifocalTensor.h
[46.249s] -- Installing: /home/rthom/Documents/Research/Montreal/tactile_rummaging_ws/src/ar_track_alvar/install/ar_track_alvar/include/ar_track_alvar/TrackerFeatures.h
[46.249s] -- Installing: /home/rthom/Documents/Research/Montreal/tactile_rummaging_ws/src/ar_track_alvar/install/ar_track_alvar/include/ar_track_alvar/FileFormat.h
[46.249s] -- Installing: /home/rthom/Documents/Research/Montreal/tactile_rummaging_ws/src/ar_track_alvar/install/ar_track_alvar/include/ar_track_alvar/FernImageDetector.h
[46.249s] -- Installing: /home/rthom/Documents/Research/Montreal/tactile_rummaging_ws/src/ar_track_alvar/install/ar_track_alvar/include/ar_track_alvar/CaptureDevice.h
[46.249s] -- Installing: /home/rthom/Documents/Research/Montreal/tactile_rummaging_ws/src/ar_track_alvar/install/ar_track_alvar/include/ar_track_alvar/Rotation.h
[46.249s] -- Installing: /home/rthom/Documents/Research/Montreal/tactile_rummaging_ws/src/ar_track_alvar/install/ar_track_alvar/include/ar_track_alvar/Shared.h
[46.249s] -- Installing: /home/rthom/Documents/Research/Montreal/tactile_rummaging_ws/src/ar_track_alvar/install/ar_track_alvar/include/ar_track_alvar/FernPoseEstimator.h
[46.250s] -- Installing: /home/rthom/Documents/Research/Montreal/tactile_rummaging_ws/src/ar_track_alvar/install/ar_track_alvar/include/ar_track_alvar/Draw.h
[46.250s] -- Installing: /home/rthom/Documents/Research/Montreal/tactile_rummaging_ws/src/ar_track_alvar/install/ar_track_alvar/include/ar_track_alvar/MultiMarker.h
[46.250s] -- Installing: /home/rthom/Documents/Research/Montreal/tactile_rummaging_ws/src/ar_track_alvar/install/ar_track_alvar/include/ar_track_alvar/CaptureFactory.h
[46.250s] -- Installing: /home/rthom/Documents/Research/Montreal/tactile_rummaging_ws/src/ar_track_alvar/install/ar_track_alvar/include/ar_track_alvar/Line.h
[46.250s] -- Installing: /home/rthom/Documents/Research/Montreal/tactile_rummaging_ws/src/ar_track_alvar/install/ar_track_alvar/include/ar_track_alvar/GlutViewer.h
[46.250s] -- Installing: /home/rthom/Documents/Research/Montreal/tactile_rummaging_ws/src/ar_track_alvar/install/ar_track_alvar/include/ar_track_alvar/Uncopyable.h
[46.250s] -- Installing: /home/rthom/Documents/Research/Montreal/tactile_rummaging_ws/src/ar_track_alvar/install/ar_track_alvar/include/ar_track_alvar/Util.h
[46.250s] -- Installing: /home/rthom/Documents/Research/Montreal/tactile_rummaging_ws/src/ar_track_alvar/install/ar_track_alvar/include/ar_track_alvar/Camera.h
[46.250s] -- Installing: /home/rthom/Documents/Research/Montreal/tactile_rummaging_ws/src/ar_track_alvar/install/ar_track_alvar/include/ar_track_alvar/Timer.h
[46.250s] -- Installing: /home/rthom/Documents/Research/Montreal/tactile_rummaging_ws/src/ar_track_alvar/install/ar_track_alvar/include/ar_track_alvar/Timer_private.h
[46.250s] -- Installing: /home/rthom/Documents/Research/Montreal/tactile_rummaging_ws/src/ar_track_alvar/install/ar_track_alvar/include/ar_track_alvar/Tracker.h
[46.250s] -- Installing: /home/rthom/Documents/Research/Montreal/tactile_rummaging_ws/src/ar_track_alvar/install/ar_track_alvar/include/ar_track_alvar/TrackerPsa.h
[46.251s] -- Installing: /home/rthom/Documents/Research/Montreal/tactile_rummaging_ws/src/ar_track_alvar/install/ar_track_alvar/include/ar_track_alvar/CaptureFactory_private.h
[46.251s] -- Installing: /home/rthom/Documents/Research/Montreal/tactile_rummaging_ws/src/ar_track_alvar/install/ar_track_alvar/include/ar_track_alvar/Container3d.h
[46.251s] -- Installing: /home/rthom/Documents/Research/Montreal/tactile_rummaging_ws/src/ar_track_alvar/install/ar_track_alvar/include/ar_track_alvar/Optimization.h
[46.251s] -- Installing: /home/rthom/Documents/Research/Montreal/tactile_rummaging_ws/src/ar_track_alvar/install/ar_track_alvar/include/ar_track_alvar/Threads.h
[46.251s] -- Installing: /home/rthom/Documents/Research/Montreal/tactile_rummaging_ws/src/ar_track_alvar/install/ar_track_alvar/include/ar_track_alvar/DirectoryIterator.h
[46.251s] -- Installing: /home/rthom/Documents/Research/Montreal/tactile_rummaging_ws/src/ar_track_alvar/install/ar_track_alvar/include/ar_track_alvar/CapturePlugin.h
[46.251s] -- Installing: /home/rthom/Documents/Research/Montreal/tactile_rummaging_ws/src/ar_track_alvar/install/ar_track_alvar/include/ar_track_alvar/Lock.h
[46.251s] -- Installing: /home/rthom/Documents/Research/Montreal/tactile_rummaging_ws/src/ar_track_alvar/install/ar_track_alvar/include/ar_track_alvar/Marker.h
[46.251s] -- Installing: /home/rthom/Documents/Research/Montreal/tactile_rummaging_ws/src/ar_track_alvar/install/ar_track_alvar/include/ar_track_alvar/MultiMarkerFiltered.h
[46.251s] -- Installing: /home/rthom/Documents/Research/Montreal/tactile_rummaging_ws/src/ar_track_alvar/install/ar_track_alvar/include/ar_track_alvar/UnscentedKalman.h
[46.252s] -- Installing: /home/rthom/Documents/Research/Montreal/tactile_rummaging_ws/src/ar_track_alvar/install/ar_track_alvar/include/ar_track_alvar/Platform.h
[46.252s] -- Installing: /home/rthom/Documents/Research/Montreal/tactile_rummaging_ws/src/ar_track_alvar/install/ar_track_alvar/include/ar_track_alvar/Capture.h
[46.252s] -- Installing: /home/rthom/Documents/Research/Montreal/tactile_rummaging_ws/src/ar_track_alvar/install/ar_track_alvar/include/ar_track_alvar/Pose.h
[46.252s] -- Installing: /home/rthom/Documents/Research/Montreal/tactile_rummaging_ws/src/ar_track_alvar/install/ar_track_alvar/include/ar_track_alvar/MultiMarkerInitializer.h
[46.252s] -- Installing: /home/rthom/Documents/Research/Montreal/tactile_rummaging_ws/src/ar_track_alvar/install/ar_track_alvar/include/ar_track_alvar/Plugin.h
[46.252s] -- Installing: /home/rthom/Documents/Research/Montreal/tactile_rummaging_ws/src/ar_track_alvar/install/ar_track_alvar/include/ar_track_alvar/MarkerDetector.h
[46.252s] -- Installing: /home/rthom/Documents/Research/Montreal/tactile_rummaging_ws/src/ar_track_alvar/install/ar_track_alvar/include/ar_track_alvar/Mutex.h
[46.252s] -- Installing: /home/rthom/Documents/Research/Montreal/tactile_rummaging_ws/src/ar_track_alvar/install/ar_track_alvar/include/ar_track_alvar/TrackerOrientation.h
[46.252s] -- Installing: /home/rthom/Documents/Research/Montreal/tactile_rummaging_ws/src/ar_track_alvar/install/ar_track_alvar/include/ar_track_alvar/TrackerStat.h
[46.252s] -- Installing: /home/rthom/Documents/Research/Montreal/tactile_rummaging_ws/src/ar_track_alvar/install/ar_track_alvar/include/ar_track_alvar/AlvarException.h
[46.253s] -- Installing: /home/rthom/Documents/Research/Montreal/tactile_rummaging_ws/src/ar_track_alvar/install/ar_track_alvar/include/ar_track_alvar/Plugin_private.h
[46.253s] -- Installing: /home/rthom/Documents/Research/Montreal/tactile_rummaging_ws/src/ar_track_alvar/install/ar_track_alvar/include/ar_track_alvar/FileFormatUtils.h
[46.253s] -- Installing: /home/rthom/Documents/Research/Montreal/tactile_rummaging_ws/src/ar_track_alvar/install/ar_track_alvar/include/ar_track_alvar/EC.h
[46.253s] -- Installing: /home/rthom/Documents/Research/Montreal/tactile_rummaging_ws/src/ar_track_alvar/install/ar_track_alvar/share/ar_track_alvar//bundles
[46.253s] -- Installing: /home/rthom/Documents/Research/Montreal/tactile_rummaging_ws/src/ar_track_alvar/install/ar_track_alvar/share/ar_track_alvar//bundles/table_8_9_10.xml
[46.253s] -- Installing: /home/rthom/Documents/Research/Montreal/tactile_rummaging_ws/src/ar_track_alvar/install/ar_track_alvar/share/ar_track_alvar//bundles/tags8and9.xml
[46.253s] -- Installing: /home/rthom/Documents/Research/Montreal/tactile_rummaging_ws/src/ar_track_alvar/install/ar_track_alvar/share/ar_track_alvar//bundles/truthTableLeg.xml
[46.253s] -- Installing: /home/rthom/Documents/Research/Montreal/tactile_rummaging_ws/src/ar_track_alvar/install/ar_track_alvar/share/ar_track_alvar//launch
[46.253s] -- Installing: /home/rthom/Documents/Research/Montreal/tactile_rummaging_ws/src/ar_track_alvar/install/ar_track_alvar/share/ar_track_alvar//launch/pr2_indiv_no_kinect.launch
[46.253s] -- Installing: /home/rthom/Documents/Research/Montreal/tactile_rummaging_ws/src/ar_track_alvar/install/ar_track_alvar/share/ar_track_alvar//launch/pr2_bundle.launch
[46.254s] -- Installing: /home/rthom/Documents/Research/Montreal/tactile_rummaging_ws/src/ar_track_alvar/install/ar_track_alvar/share/ar_track_alvar//launch/pr2_indiv.launch
[46.254s] -- Installing: /home/rthom/Documents/Research/Montreal/tactile_rummaging_ws/src/ar_track_alvar/install/ar_track_alvar/share/ar_track_alvar//launch/pr2_bundle_no_kinect.launch
[46.254s] -- Installing: /home/rthom/Documents/Research/Montreal/tactile_rummaging_ws/src/ar_track_alvar/install/ar_track_alvar/share/ar_track_alvar//launch/pr2_train.launch
[46.255s] Invoked command in '/home/rthom/Documents/Research/Montreal/tactile_rummaging_ws/src/ar_track_alvar/build/ar_track_alvar' returned '0': CMAKE_PREFIX_PATH=/home/rthom/Documents/Research/Montreal/tactile_rummaging_ws/src/ar_track_alvar/install/ar_track_alvar_msgs:${CMAKE_PREFIX_PATH} PKG_CONFIG_PATH=/home/rthom/Documents/Research/Montreal/tactile_rummaging_ws/src/ar_track_alvar/install/ar_track_alvar_msgs/lib/x86_64-linux-gnu/pkgconfig:/home/rthom/Documents/Research/Montreal/tactile_rummaging_ws/src/ar_track_alvar/install/ar_track_alvar_msgs/lib/pkgconfig:${PKG_CONFIG_PATH} PYTHONPATH=/home/rthom/Documents/Research/Montreal/tactile_rummaging_ws/src/ar_track_alvar/install/ar_track_alvar_msgs/lib/python3/dist-packages:${PYTHONPATH} ROS_PACKAGE_PATH=/home/rthom/Documents/Research/Montreal/tactile_rummaging_ws/src/ar_track_alvar/install/ar_track_alvar_msgs/share:${ROS_PACKAGE_PATH} /usr/bin/cmake --install /home/rthom/Documents/Research/Montreal/tactile_rummaging_ws/src/ar_track_alvar/build/ar_track_alvar
