[0.388s] DEBUG:colcon:Command line arguments: ['/home/rthom/.local/bin/colcon', 'build']
[0.388s] DEBUG:colcon:Parsed command line arguments: Namespace(ament_cmake_args=None, base_paths=['.'], build_base='build', catkin_cmake_args=None, catkin_skip_building_tests=False, cmake_args=None, cmake_clean_cache=False, cmake_clean_first=False, cmake_force_configure=False, cmake_target=None, cmake_target_skip_unavailable=False, continue_on_error=False, event_handlers=None, executor='parallel', ignore_user_meta=False, install_base='install', log_base=None, log_level=None, main=<bound method BuildVerb.main of <colcon_core.verb.build.BuildVerb object at 0x7fa5c6b22910>>, merge_install=False, metas=['./colcon.meta'], packages_above=None, packages_above_and_dependencies=None, packages_above_depth=None, packages_end=None, packages_ignore=None, packages_ignore_regex=None, packages_select=None, packages_select_build_failed=False, packages_select_by_dep=None, packages_select_regex=None, packages_select_test_failures=False, packages_skip=None, packages_skip_build_finished=False, packages_skip_by_dep=None, packages_skip_regex=None, packages_skip_test_passed=False, packages_skip_up_to=None, packages_start=None, packages_up_to=None, packages_up_to_regex=None, parallel_workers=12, paths=None, symlink_install=False, test_result_base=None, verb_extension=<colcon_core.verb.build.BuildVerb object at 0x7fa5c6b22910>, verb_name='build', verb_parser=<colcon_defaults.argument_parser.defaults.DefaultArgumentsDecorator object at 0x7fa5c6b22e80>)
[0.401s] Level 1:colcon.colcon_core.package_discovery:discover_packages(colcon_meta) check parameters
[0.401s] Level 1:colcon.colcon_core.package_discovery:discover_packages(recursive) check parameters
[0.401s] Level 1:colcon.colcon_core.package_discovery:discover_packages(ignore) check parameters
[0.401s] Level 1:colcon.colcon_core.package_discovery:discover_packages(path) check parameters
[0.401s] Level 1:colcon.colcon_core.package_discovery:discover_packages(colcon_meta) discover
[0.401s] Level 1:colcon.colcon_core.package_discovery:discover_packages(recursive) discover
[0.401s] INFO:colcon.colcon_core.package_discovery:Crawling recursively for packages in '/home/rthom/Documents/Research/Montreal/tactile_rummaging_ws/src/ar_track_alvar'
[0.401s] Level 1:colcon.colcon_core.package_identification:_identify(.) by extensions ['ignore', 'ignore_ament_install']
[0.401s] Level 1:colcon.colcon_core.package_identification:_identify(.) by extension 'ignore'
[0.401s] Level 1:colcon.colcon_core.package_identification:_identify(.) by extension 'ignore_ament_install'
[0.401s] Level 1:colcon.colcon_core.package_identification:_identify(.) by extensions ['colcon_pkg']
[0.401s] Level 1:colcon.colcon_core.package_identification:_identify(.) by extension 'colcon_pkg'
[0.401s] Level 1:colcon.colcon_core.package_identification:_identify(.) by extensions ['colcon_meta']
[0.401s] Level 1:colcon.colcon_core.package_identification:_identify(.) by extension 'colcon_meta'
[0.401s] Level 1:colcon.colcon_core.package_identification:_identify(.) by extensions ['ros']
[0.401s] Level 1:colcon.colcon_core.package_identification:_identify(.) by extension 'ros'
[0.410s] Level 1:colcon.colcon_core.package_identification:_identify(.) by extensions ['cmake', 'python']
[0.410s] Level 1:colcon.colcon_core.package_identification:_identify(.) by extension 'cmake'
[0.411s] Level 1:colcon.colcon_core.package_identification:_identify(.) by extension 'python'
[0.411s] Level 1:colcon.colcon_core.package_identification:_identify(.) by extensions ['python_setup_py']
[0.411s] Level 1:colcon.colcon_core.package_identification:_identify(.) by extension 'python_setup_py'
[0.411s] Level 1:colcon.colcon_core.package_identification:_identify(ar_track_alvar) by extensions ['ignore', 'ignore_ament_install']
[0.411s] Level 1:colcon.colcon_core.package_identification:_identify(ar_track_alvar) by extension 'ignore'
[0.411s] Level 1:colcon.colcon_core.package_identification:_identify(ar_track_alvar) by extension 'ignore_ament_install'
[0.411s] Level 1:colcon.colcon_core.package_identification:_identify(ar_track_alvar) by extensions ['colcon_pkg']
[0.411s] Level 1:colcon.colcon_core.package_identification:_identify(ar_track_alvar) by extension 'colcon_pkg'
[0.411s] Level 1:colcon.colcon_core.package_identification:_identify(ar_track_alvar) by extensions ['colcon_meta']
[0.411s] Level 1:colcon.colcon_core.package_identification:_identify(ar_track_alvar) by extension 'colcon_meta'
[0.411s] Level 1:colcon.colcon_core.package_identification:_identify(ar_track_alvar) by extensions ['ros']
[0.411s] Level 1:colcon.colcon_core.package_identification:_identify(ar_track_alvar) by extension 'ros'
[0.414s] DEBUG:colcon.colcon_core.package_identification:Package 'ar_track_alvar' with type 'ros.catkin' and name 'ar_track_alvar'
[0.414s] Level 1:colcon.colcon_core.package_identification:_identify(ar_track_alvar_msgs) by extensions ['ignore', 'ignore_ament_install']
[0.414s] Level 1:colcon.colcon_core.package_identification:_identify(ar_track_alvar_msgs) by extension 'ignore'
[0.414s] Level 1:colcon.colcon_core.package_identification:_identify(ar_track_alvar_msgs) by extension 'ignore_ament_install'
[0.415s] Level 1:colcon.colcon_core.package_identification:_identify(ar_track_alvar_msgs) by extensions ['colcon_pkg']
[0.415s] Level 1:colcon.colcon_core.package_identification:_identify(ar_track_alvar_msgs) by extension 'colcon_pkg'
[0.415s] Level 1:colcon.colcon_core.package_identification:_identify(ar_track_alvar_msgs) by extensions ['colcon_meta']
[0.415s] Level 1:colcon.colcon_core.package_identification:_identify(ar_track_alvar_msgs) by extension 'colcon_meta'
[0.415s] Level 1:colcon.colcon_core.package_identification:_identify(ar_track_alvar_msgs) by extensions ['ros']
[0.415s] Level 1:colcon.colcon_core.package_identification:_identify(ar_track_alvar_msgs) by extension 'ros'
[0.415s] DEBUG:colcon.colcon_core.package_identification:Package 'ar_track_alvar_msgs' with type 'ros.catkin' and name 'ar_track_alvar_msgs'
[0.415s] Level 1:colcon.colcon_core.package_identification:_identify(build) by extensions ['ignore', 'ignore_ament_install']
[0.415s] Level 1:colcon.colcon_core.package_identification:_identify(build) by extension 'ignore'
[0.415s] Level 1:colcon.colcon_core.package_identification:_identify(build) ignored
[0.416s] Level 1:colcon.colcon_core.package_identification:_identify(install) by extensions ['ignore', 'ignore_ament_install']
[0.416s] Level 1:colcon.colcon_core.package_identification:_identify(install) by extension 'ignore'
[0.416s] Level 1:colcon.colcon_core.package_identification:_identify(install) ignored
[0.416s] Level 1:colcon.colcon_core.package_identification:_identify(log) by extensions ['ignore', 'ignore_ament_install']
[0.416s] Level 1:colcon.colcon_core.package_identification:_identify(log) by extension 'ignore'
[0.416s] Level 1:colcon.colcon_core.package_identification:_identify(log) ignored
[0.416s] Level 1:colcon.colcon_core.package_discovery:discover_packages(recursive) using defaults
[0.416s] Level 1:colcon.colcon_core.package_discovery:discover_packages(ignore) discover
[0.416s] Level 1:colcon.colcon_core.package_discovery:discover_packages(ignore) using defaults
[0.416s] Level 1:colcon.colcon_core.package_discovery:discover_packages(path) discover
[0.416s] Level 1:colcon.colcon_core.package_discovery:discover_packages(path) using defaults
[0.456s] Level 5:colcon.colcon_core.verb:set package 'ar_track_alvar_msgs' build argument 'cmake_args' from command line to 'None'
[0.456s] Level 5:colcon.colcon_core.verb:set package 'ar_track_alvar_msgs' build argument 'cmake_target' from command line to 'None'
[0.456s] Level 5:colcon.colcon_core.verb:set package 'ar_track_alvar_msgs' build argument 'cmake_target_skip_unavailable' from command line to 'False'
[0.456s] Level 5:colcon.colcon_core.verb:set package 'ar_track_alvar_msgs' build argument 'cmake_clean_cache' from command line to 'False'
[0.456s] Level 5:colcon.colcon_core.verb:set package 'ar_track_alvar_msgs' build argument 'cmake_clean_first' from command line to 'False'
[0.456s] Level 5:colcon.colcon_core.verb:set package 'ar_track_alvar_msgs' build argument 'cmake_force_configure' from command line to 'False'
[0.456s] Level 5:colcon.colcon_core.verb:set package 'ar_track_alvar_msgs' build argument 'ament_cmake_args' from command line to 'None'
[0.456s] Level 5:colcon.colcon_core.verb:set package 'ar_track_alvar_msgs' build argument 'catkin_cmake_args' from command line to 'None'
[0.456s] Level 5:colcon.colcon_core.verb:set package 'ar_track_alvar_msgs' build argument 'catkin_skip_building_tests' from command line to 'False'
[0.456s] DEBUG:colcon.colcon_core.verb:Building package 'ar_track_alvar_msgs' with the following arguments: {'ament_cmake_args': None, 'build_base': '/home/rthom/Documents/Research/Montreal/tactile_rummaging_ws/src/ar_track_alvar/build/ar_track_alvar_msgs', 'catkin_cmake_args': None, 'catkin_skip_building_tests': False, 'cmake_args': None, 'cmake_clean_cache': False, 'cmake_clean_first': False, 'cmake_force_configure': False, 'cmake_target': None, 'cmake_target_skip_unavailable': False, 'install_base': '/home/rthom/Documents/Research/Montreal/tactile_rummaging_ws/src/ar_track_alvar/install/ar_track_alvar_msgs', 'merge_install': False, 'path': '/home/rthom/Documents/Research/Montreal/tactile_rummaging_ws/src/ar_track_alvar/ar_track_alvar_msgs', 'symlink_install': False, 'test_result_base': None}
[0.462s] Level 5:colcon.colcon_core.verb:set package 'ar_track_alvar' build argument 'cmake_args' from command line to 'None'
[0.463s] Level 5:colcon.colcon_core.verb:set package 'ar_track_alvar' build argument 'cmake_target' from command line to 'None'
[0.463s] Level 5:colcon.colcon_core.verb:set package 'ar_track_alvar' build argument 'cmake_target_skip_unavailable' from command line to 'False'
[0.463s] Level 5:colcon.colcon_core.verb:set package 'ar_track_alvar' build argument 'cmake_clean_cache' from command line to 'False'
[0.463s] Level 5:colcon.colcon_core.verb:set package 'ar_track_alvar' build argument 'cmake_clean_first' from command line to 'False'
[0.463s] Level 5:colcon.colcon_core.verb:set package 'ar_track_alvar' build argument 'cmake_force_configure' from command line to 'False'
[0.463s] Level 5:colcon.colcon_core.verb:set package 'ar_track_alvar' build argument 'ament_cmake_args' from command line to 'None'
[0.463s] Level 5:colcon.colcon_core.verb:set package 'ar_track_alvar' build argument 'catkin_cmake_args' from command line to 'None'
[0.463s] Level 5:colcon.colcon_core.verb:set package 'ar_track_alvar' build argument 'catkin_skip_building_tests' from command line to 'False'
[0.463s] DEBUG:colcon.colcon_core.verb:Building package 'ar_track_alvar' with the following arguments: {'ament_cmake_args': None, 'build_base': '/home/rthom/Documents/Research/Montreal/tactile_rummaging_ws/src/ar_track_alvar/build/ar_track_alvar', 'catkin_cmake_args': None, 'catkin_skip_building_tests': False, 'cmake_args': None, 'cmake_clean_cache': False, 'cmake_clean_first': False, 'cmake_force_configure': False, 'cmake_target': None, 'cmake_target_skip_unavailable': False, 'install_base': '/home/rthom/Documents/Research/Montreal/tactile_rummaging_ws/src/ar_track_alvar/install/ar_track_alvar', 'merge_install': False, 'path': '/home/rthom/Documents/Research/Montreal/tactile_rummaging_ws/src/ar_track_alvar/ar_track_alvar', 'symlink_install': False, 'test_result_base': None}
[0.464s] INFO:colcon.colcon_core.executor:Executing jobs using 'parallel' executor
[0.476s] DEBUG:colcon.colcon_parallel_executor.executor.parallel:run_until_complete
[0.476s] INFO:colcon.colcon_ros.task.catkin.build:Building ROS package in '/home/rthom/Documents/Research/Montreal/tactile_rummaging_ws/src/ar_track_alvar/ar_track_alvar_msgs' with build type 'catkin'
[0.476s] INFO:colcon.colcon_cmake.task.cmake.build:Building CMake package in '/home/rthom/Documents/Research/Montreal/tactile_rummaging_ws/src/ar_track_alvar/ar_track_alvar_msgs'
[0.484s] INFO:colcon.colcon_core.plugin_system:Skipping extension 'colcon_core.shell.bat': Not used on non-Windows systems
[0.484s] INFO:colcon.colcon_core.shell:Skip shell extension 'powershell' for command environment: Not usable outside of PowerShell
[0.484s] DEBUG:colcon.colcon_core.shell:Skip shell extension 'dsv' for command environment
[0.488s] DEBUG:colcon.colcon_core.shell:Ignoring prefix path '/home/rthom/Documents/Research/Montreal/tactile_rummaging_ws/devel'
[0.488s] DEBUG:colcon.colcon_core.shell:Ignoring prefix path '/opt/ros/noetic'
[0.495s] DEBUG:colcon.colcon_core.event_handler.log_command:Invoking command in '/home/rthom/Documents/Research/Montreal/tactile_rummaging_ws/src/ar_track_alvar/build/ar_track_alvar_msgs': /usr/bin/cmake /home/rthom/Documents/Research/Montreal/tactile_rummaging_ws/src/ar_track_alvar/ar_track_alvar_msgs -DCATKIN_INSTALL_INTO_PREFIX_ROOT=0 -DCMAKE_INSTALL_PREFIX=/home/rthom/Documents/Research/Montreal/tactile_rummaging_ws/src/ar_track_alvar/install/ar_track_alvar_msgs
[1.886s] DEBUG:colcon.colcon_core.event_handler.log_command:Invoked command in '/home/rthom/Documents/Research/Montreal/tactile_rummaging_ws/src/ar_track_alvar/build/ar_track_alvar_msgs' returned '0': /usr/bin/cmake /home/rthom/Documents/Research/Montreal/tactile_rummaging_ws/src/ar_track_alvar/ar_track_alvar_msgs -DCATKIN_INSTALL_INTO_PREFIX_ROOT=0 -DCMAKE_INSTALL_PREFIX=/home/rthom/Documents/Research/Montreal/tactile_rummaging_ws/src/ar_track_alvar/install/ar_track_alvar_msgs
[1.888s] DEBUG:colcon.colcon_core.event_handler.log_command:Invoking command in '/home/rthom/Documents/Research/Montreal/tactile_rummaging_ws/src/ar_track_alvar/build/ar_track_alvar_msgs': /usr/bin/cmake --build /home/rthom/Documents/Research/Montreal/tactile_rummaging_ws/src/ar_track_alvar/build/ar_track_alvar_msgs -- -j12 -l12
[2.822s] DEBUG:colcon.colcon_core.event_handler.log_command:Invoked command in '/home/rthom/Documents/Research/Montreal/tactile_rummaging_ws/src/ar_track_alvar/build/ar_track_alvar_msgs' returned '0': /usr/bin/cmake --build /home/rthom/Documents/Research/Montreal/tactile_rummaging_ws/src/ar_track_alvar/build/ar_track_alvar_msgs -- -j12 -l12
[2.847s] DEBUG:colcon.colcon_core.event_handler.log_command:Invoking command in '/home/rthom/Documents/Research/Montreal/tactile_rummaging_ws/src/ar_track_alvar/build/ar_track_alvar_msgs': /usr/bin/cmake --build /home/rthom/Documents/Research/Montreal/tactile_rummaging_ws/src/ar_track_alvar/build/ar_track_alvar_msgs --target tests -- -j12 -l12
[2.899s] DEBUG:colcon.colcon_core.event_handler.log_command:Invoked command in '/home/rthom/Documents/Research/Montreal/tactile_rummaging_ws/src/ar_track_alvar/build/ar_track_alvar_msgs' returned '0': /usr/bin/cmake --build /home/rthom/Documents/Research/Montreal/tactile_rummaging_ws/src/ar_track_alvar/build/ar_track_alvar_msgs --target tests -- -j12 -l12
[2.934s] DEBUG:colcon.colcon_core.event_handler.log_command:Invoking command in '/home/rthom/Documents/Research/Montreal/tactile_rummaging_ws/src/ar_track_alvar/build/ar_track_alvar_msgs': /usr/bin/cmake --install /home/rthom/Documents/Research/Montreal/tactile_rummaging_ws/src/ar_track_alvar/build/ar_track_alvar_msgs
[2.976s] DEBUG:colcon.colcon_core.event_handler.log_command:Invoked command in '/home/rthom/Documents/Research/Montreal/tactile_rummaging_ws/src/ar_track_alvar/build/ar_track_alvar_msgs' returned '0': /usr/bin/cmake --install /home/rthom/Documents/Research/Montreal/tactile_rummaging_ws/src/ar_track_alvar/build/ar_track_alvar_msgs
[3.000s] Level 1:colcon.colcon_core.shell:create_environment_hook('ar_track_alvar_msgs', 'ros_package_path')
[3.006s] INFO:colcon.colcon_core.shell:Creating environment hook '/home/rthom/Documents/Research/Montreal/tactile_rummaging_ws/src/ar_track_alvar/install/ar_track_alvar_msgs/share/ar_track_alvar_msgs/hook/ros_package_path.ps1'
[3.006s] INFO:colcon.colcon_core.shell:Creating environment descriptor '/home/rthom/Documents/Research/Montreal/tactile_rummaging_ws/src/ar_track_alvar/install/ar_track_alvar_msgs/share/ar_track_alvar_msgs/hook/ros_package_path.dsv'
[3.006s] INFO:colcon.colcon_core.shell:Creating environment hook '/home/rthom/Documents/Research/Montreal/tactile_rummaging_ws/src/ar_track_alvar/install/ar_track_alvar_msgs/share/ar_track_alvar_msgs/hook/ros_package_path.sh'
[3.007s] Level 1:colcon.colcon_ros.task.catkin:checking '/home/rthom/Documents/Research/Montreal/tactile_rummaging_ws/src/ar_track_alvar/install/ar_track_alvar_msgs/lib/python3/dist-packages'
[3.007s] Level 1:colcon.colcon_core.shell:create_environment_hook('ar_track_alvar_msgs', 'catkin_pythonpath')
[3.012s] INFO:colcon.colcon_core.shell:Creating environment hook '/home/rthom/Documents/Research/Montreal/tactile_rummaging_ws/src/ar_track_alvar/install/ar_track_alvar_msgs/share/ar_track_alvar_msgs/hook/catkin_pythonpath.ps1'
[3.013s] INFO:colcon.colcon_core.shell:Creating environment descriptor '/home/rthom/Documents/Research/Montreal/tactile_rummaging_ws/src/ar_track_alvar/install/ar_track_alvar_msgs/share/ar_track_alvar_msgs/hook/catkin_pythonpath.dsv'
[3.013s] INFO:colcon.colcon_core.shell:Creating environment hook '/home/rthom/Documents/Research/Montreal/tactile_rummaging_ws/src/ar_track_alvar/install/ar_track_alvar_msgs/share/ar_track_alvar_msgs/hook/catkin_pythonpath.sh'
[3.013s] Level 1:colcon.colcon_core.shell:create_environment_hook('ar_track_alvar_msgs', 'pkg_config_path')
[3.018s] INFO:colcon.colcon_core.shell:Creating environment hook '/home/rthom/Documents/Research/Montreal/tactile_rummaging_ws/src/ar_track_alvar/install/ar_track_alvar_msgs/share/ar_track_alvar_msgs/hook/pkg_config_path.ps1'
[3.019s] INFO:colcon.colcon_core.shell:Creating environment descriptor '/home/rthom/Documents/Research/Montreal/tactile_rummaging_ws/src/ar_track_alvar/install/ar_track_alvar_msgs/share/ar_track_alvar_msgs/hook/pkg_config_path.dsv'
[3.019s] INFO:colcon.colcon_core.shell:Creating environment hook '/home/rthom/Documents/Research/Montreal/tactile_rummaging_ws/src/ar_track_alvar/install/ar_track_alvar_msgs/share/ar_track_alvar_msgs/hook/pkg_config_path.sh'
[3.021s] Level 1:colcon.colcon_core.shell:create_environment_hook('ar_track_alvar_msgs', 'pkg_config_path_multiarch')
[3.026s] INFO:colcon.colcon_core.shell:Creating environment hook '/home/rthom/Documents/Research/Montreal/tactile_rummaging_ws/src/ar_track_alvar/install/ar_track_alvar_msgs/share/ar_track_alvar_msgs/hook/pkg_config_path_multiarch.ps1'
[3.027s] INFO:colcon.colcon_core.shell:Creating environment descriptor '/home/rthom/Documents/Research/Montreal/tactile_rummaging_ws/src/ar_track_alvar/install/ar_track_alvar_msgs/share/ar_track_alvar_msgs/hook/pkg_config_path_multiarch.dsv'
[3.027s] INFO:colcon.colcon_core.shell:Creating environment hook '/home/rthom/Documents/Research/Montreal/tactile_rummaging_ws/src/ar_track_alvar/install/ar_track_alvar_msgs/share/ar_track_alvar_msgs/hook/pkg_config_path_multiarch.sh'
[3.033s] Level 1:colcon.colcon_core.environment:create_environment_scripts_only(ar_track_alvar_msgs)
[3.039s] Level 1:colcon.colcon_core.environment:checking '/home/rthom/Documents/Research/Montreal/tactile_rummaging_ws/src/ar_track_alvar/install/ar_track_alvar_msgs' for CMake module files
[3.040s] Level 1:colcon.colcon_core.environment:checking '/home/rthom/Documents/Research/Montreal/tactile_rummaging_ws/src/ar_track_alvar/install/ar_track_alvar_msgs' for CMake config files
[3.040s] Level 1:colcon.colcon_core.shell:create_environment_hook('ar_track_alvar_msgs', 'cmake_prefix_path')
[3.044s] INFO:colcon.colcon_core.shell:Creating environment hook '/home/rthom/Documents/Research/Montreal/tactile_rummaging_ws/src/ar_track_alvar/install/ar_track_alvar_msgs/share/ar_track_alvar_msgs/hook/cmake_prefix_path.ps1'
[3.044s] INFO:colcon.colcon_core.shell:Creating environment descriptor '/home/rthom/Documents/Research/Montreal/tactile_rummaging_ws/src/ar_track_alvar/install/ar_track_alvar_msgs/share/ar_track_alvar_msgs/hook/cmake_prefix_path.dsv'
[3.045s] INFO:colcon.colcon_core.shell:Creating environment hook '/home/rthom/Documents/Research/Montreal/tactile_rummaging_ws/src/ar_track_alvar/install/ar_track_alvar_msgs/share/ar_track_alvar_msgs/hook/cmake_prefix_path.sh'
[3.045s] Level 1:colcon.colcon_core.environment:checking '/home/rthom/Documents/Research/Montreal/tactile_rummaging_ws/src/ar_track_alvar/install/ar_track_alvar_msgs/lib'
[3.045s] Level 1:colcon.colcon_core.environment:checking '/home/rthom/Documents/Research/Montreal/tactile_rummaging_ws/src/ar_track_alvar/install/ar_track_alvar_msgs/bin'
[3.045s] Level 1:colcon.colcon_core.environment:checking '/home/rthom/Documents/Research/Montreal/tactile_rummaging_ws/src/ar_track_alvar/install/ar_track_alvar_msgs/lib/pkgconfig/ar_track_alvar_msgs.pc'
[3.045s] Level 1:colcon.colcon_core.shell:create_environment_hook('ar_track_alvar_msgs', 'pkg_config')
[3.051s] INFO:colcon.colcon_core.shell:Creating environment hook '/home/rthom/Documents/Research/Montreal/tactile_rummaging_ws/src/ar_track_alvar/install/ar_track_alvar_msgs/share/ar_track_alvar_msgs/hook/pkg_config.ps1'
[3.051s] INFO:colcon.colcon_core.shell:Creating environment descriptor '/home/rthom/Documents/Research/Montreal/tactile_rummaging_ws/src/ar_track_alvar/install/ar_track_alvar_msgs/share/ar_track_alvar_msgs/hook/pkg_config.dsv'
[3.052s] INFO:colcon.colcon_core.shell:Creating environment hook '/home/rthom/Documents/Research/Montreal/tactile_rummaging_ws/src/ar_track_alvar/install/ar_track_alvar_msgs/share/ar_track_alvar_msgs/hook/pkg_config.sh'
[3.052s] Level 1:colcon.colcon_core.environment:checking '/home/rthom/Documents/Research/Montreal/tactile_rummaging_ws/src/ar_track_alvar/install/ar_track_alvar_msgs/lib/python3.8/site-packages'
[3.056s] INFO:colcon.colcon_core.shell:Creating package script '/home/rthom/Documents/Research/Montreal/tactile_rummaging_ws/src/ar_track_alvar/install/ar_track_alvar_msgs/share/ar_track_alvar_msgs/package.ps1'
[3.057s] INFO:colcon.colcon_core.shell:Creating package descriptor '/home/rthom/Documents/Research/Montreal/tactile_rummaging_ws/src/ar_track_alvar/install/ar_track_alvar_msgs/share/ar_track_alvar_msgs/package.dsv'
[3.058s] INFO:colcon.colcon_core.shell:Creating package script '/home/rthom/Documents/Research/Montreal/tactile_rummaging_ws/src/ar_track_alvar/install/ar_track_alvar_msgs/share/ar_track_alvar_msgs/package.sh'
[3.058s] INFO:colcon.colcon_core.shell:Creating package script '/home/rthom/Documents/Research/Montreal/tactile_rummaging_ws/src/ar_track_alvar/install/ar_track_alvar_msgs/share/ar_track_alvar_msgs/package.bash'
[3.059s] INFO:colcon.colcon_core.shell:Creating package script '/home/rthom/Documents/Research/Montreal/tactile_rummaging_ws/src/ar_track_alvar/install/ar_track_alvar_msgs/share/ar_track_alvar_msgs/package.zsh'
[3.059s] Level 1:colcon.colcon_core.environment:create_file_with_runtime_dependencies(/home/rthom/Documents/Research/Montreal/tactile_rummaging_ws/src/ar_track_alvar/install/ar_track_alvar_msgs/share/colcon-core/packages/ar_track_alvar_msgs)
[3.060s] INFO:colcon.colcon_ros.task.catkin.build:Building ROS package in '/home/rthom/Documents/Research/Montreal/tactile_rummaging_ws/src/ar_track_alvar/ar_track_alvar' with build type 'catkin'
[3.060s] INFO:colcon.colcon_cmake.task.cmake.build:Building CMake package in '/home/rthom/Documents/Research/Montreal/tactile_rummaging_ws/src/ar_track_alvar/ar_track_alvar'
[3.064s] INFO:colcon.colcon_core.shell:Skip shell extension 'powershell' for command environment: Not usable outside of PowerShell
[3.065s] DEBUG:colcon.colcon_core.shell:Skip shell extension 'dsv' for command environment
[3.068s] DEBUG:colcon.colcon_core.shell:Ignoring prefix path '/home/rthom/Documents/Research/Montreal/tactile_rummaging_ws/devel'
[3.068s] DEBUG:colcon.colcon_core.shell:Ignoring prefix path '/opt/ros/noetic'
[3.075s] DEBUG:colcon.colcon_core.event_handler.log_command:Invoking command in '/home/rthom/Documents/Research/Montreal/tactile_rummaging_ws/src/ar_track_alvar/build/ar_track_alvar': CMAKE_PREFIX_PATH=/home/rthom/Documents/Research/Montreal/tactile_rummaging_ws/src/ar_track_alvar/install/ar_track_alvar_msgs:${CMAKE_PREFIX_PATH} PKG_CONFIG_PATH=/home/rthom/Documents/Research/Montreal/tactile_rummaging_ws/src/ar_track_alvar/install/ar_track_alvar_msgs/lib/x86_64-linux-gnu/pkgconfig:/home/rthom/Documents/Research/Montreal/tactile_rummaging_ws/src/ar_track_alvar/install/ar_track_alvar_msgs/lib/pkgconfig:${PKG_CONFIG_PATH} PYTHONPATH=/home/rthom/Documents/Research/Montreal/tactile_rummaging_ws/src/ar_track_alvar/install/ar_track_alvar_msgs/lib/python3/dist-packages:${PYTHONPATH} ROS_PACKAGE_PATH=/home/rthom/Documents/Research/Montreal/tactile_rummaging_ws/src/ar_track_alvar/install/ar_track_alvar_msgs/share:${ROS_PACKAGE_PATH} /usr/bin/cmake /home/rthom/Documents/Research/Montreal/tactile_rummaging_ws/src/ar_track_alvar/ar_track_alvar -DCATKIN_INSTALL_INTO_PREFIX_ROOT=0 -DCMAKE_INSTALL_PREFIX=/home/rthom/Documents/Research/Montreal/tactile_rummaging_ws/src/ar_track_alvar/install/ar_track_alvar
[5.243s] DEBUG:colcon.colcon_core.event_handler.log_command:Invoked command in '/home/rthom/Documents/Research/Montreal/tactile_rummaging_ws/src/ar_track_alvar/build/ar_track_alvar' returned '0': CMAKE_PREFIX_PATH=/home/rthom/Documents/Research/Montreal/tactile_rummaging_ws/src/ar_track_alvar/install/ar_track_alvar_msgs:${CMAKE_PREFIX_PATH} PKG_CONFIG_PATH=/home/rthom/Documents/Research/Montreal/tactile_rummaging_ws/src/ar_track_alvar/install/ar_track_alvar_msgs/lib/x86_64-linux-gnu/pkgconfig:/home/rthom/Documents/Research/Montreal/tactile_rummaging_ws/src/ar_track_alvar/install/ar_track_alvar_msgs/lib/pkgconfig:${PKG_CONFIG_PATH} PYTHONPATH=/home/rthom/Documents/Research/Montreal/tactile_rummaging_ws/src/ar_track_alvar/install/ar_track_alvar_msgs/lib/python3/dist-packages:${PYTHONPATH} ROS_PACKAGE_PATH=/home/rthom/Documents/Research/Montreal/tactile_rummaging_ws/src/ar_track_alvar/install/ar_track_alvar_msgs/share:${ROS_PACKAGE_PATH} /usr/bin/cmake /home/rthom/Documents/Research/Montreal/tactile_rummaging_ws/src/ar_track_alvar/ar_track_alvar -DCATKIN_INSTALL_INTO_PREFIX_ROOT=0 -DCMAKE_INSTALL_PREFIX=/home/rthom/Documents/Research/Montreal/tactile_rummaging_ws/src/ar_track_alvar/install/ar_track_alvar
[5.246s] DEBUG:colcon.colcon_core.event_handler.log_command:Invoking command in '/home/rthom/Documents/Research/Montreal/tactile_rummaging_ws/src/ar_track_alvar/build/ar_track_alvar': CMAKE_PREFIX_PATH=/home/rthom/Documents/Research/Montreal/tactile_rummaging_ws/src/ar_track_alvar/install/ar_track_alvar_msgs:${CMAKE_PREFIX_PATH} PKG_CONFIG_PATH=/home/rthom/Documents/Research/Montreal/tactile_rummaging_ws/src/ar_track_alvar/install/ar_track_alvar_msgs/lib/x86_64-linux-gnu/pkgconfig:/home/rthom/Documents/Research/Montreal/tactile_rummaging_ws/src/ar_track_alvar/install/ar_track_alvar_msgs/lib/pkgconfig:${PKG_CONFIG_PATH} PYTHONPATH=/home/rthom/Documents/Research/Montreal/tactile_rummaging_ws/src/ar_track_alvar/install/ar_track_alvar_msgs/lib/python3/dist-packages:${PYTHONPATH} ROS_PACKAGE_PATH=/home/rthom/Documents/Research/Montreal/tactile_rummaging_ws/src/ar_track_alvar/install/ar_track_alvar_msgs/share:${ROS_PACKAGE_PATH} /usr/bin/cmake --build /home/rthom/Documents/Research/Montreal/tactile_rummaging_ws/src/ar_track_alvar/build/ar_track_alvar -- -j12 -l12
[49.007s] DEBUG:colcon.colcon_core.event_handler.log_command:Invoked command in '/home/rthom/Documents/Research/Montreal/tactile_rummaging_ws/src/ar_track_alvar/build/ar_track_alvar' returned '0': CMAKE_PREFIX_PATH=/home/rthom/Documents/Research/Montreal/tactile_rummaging_ws/src/ar_track_alvar/install/ar_track_alvar_msgs:${CMAKE_PREFIX_PATH} PKG_CONFIG_PATH=/home/rthom/Documents/Research/Montreal/tactile_rummaging_ws/src/ar_track_alvar/install/ar_track_alvar_msgs/lib/x86_64-linux-gnu/pkgconfig:/home/rthom/Documents/Research/Montreal/tactile_rummaging_ws/src/ar_track_alvar/install/ar_track_alvar_msgs/lib/pkgconfig:${PKG_CONFIG_PATH} PYTHONPATH=/home/rthom/Documents/Research/Montreal/tactile_rummaging_ws/src/ar_track_alvar/install/ar_track_alvar_msgs/lib/python3/dist-packages:${PYTHONPATH} ROS_PACKAGE_PATH=/home/rthom/Documents/Research/Montreal/tactile_rummaging_ws/src/ar_track_alvar/install/ar_track_alvar_msgs/share:${ROS_PACKAGE_PATH} /usr/bin/cmake --build /home/rthom/Documents/Research/Montreal/tactile_rummaging_ws/src/ar_track_alvar/build/ar_track_alvar -- -j12 -l12
[49.101s] DEBUG:colcon.colcon_core.event_handler.log_command:Invoking command in '/home/rthom/Documents/Research/Montreal/tactile_rummaging_ws/src/ar_track_alvar/build/ar_track_alvar': CMAKE_PREFIX_PATH=/home/rthom/Documents/Research/Montreal/tactile_rummaging_ws/src/ar_track_alvar/install/ar_track_alvar_msgs:${CMAKE_PREFIX_PATH} PKG_CONFIG_PATH=/home/rthom/Documents/Research/Montreal/tactile_rummaging_ws/src/ar_track_alvar/install/ar_track_alvar_msgs/lib/x86_64-linux-gnu/pkgconfig:/home/rthom/Documents/Research/Montreal/tactile_rummaging_ws/src/ar_track_alvar/install/ar_track_alvar_msgs/lib/pkgconfig:${PKG_CONFIG_PATH} PYTHONPATH=/home/rthom/Documents/Research/Montreal/tactile_rummaging_ws/src/ar_track_alvar/install/ar_track_alvar_msgs/lib/python3/dist-packages:${PYTHONPATH} ROS_PACKAGE_PATH=/home/rthom/Documents/Research/Montreal/tactile_rummaging_ws/src/ar_track_alvar/install/ar_track_alvar_msgs/share:${ROS_PACKAGE_PATH} /usr/bin/cmake --build /home/rthom/Documents/Research/Montreal/tactile_rummaging_ws/src/ar_track_alvar/build/ar_track_alvar --target tests -- -j12 -l12
[49.164s] DEBUG:colcon.colcon_core.event_handler.log_command:Invoked command in '/home/rthom/Documents/Research/Montreal/tactile_rummaging_ws/src/ar_track_alvar/build/ar_track_alvar' returned '0': CMAKE_PREFIX_PATH=/home/rthom/Documents/Research/Montreal/tactile_rummaging_ws/src/ar_track_alvar/install/ar_track_alvar_msgs:${CMAKE_PREFIX_PATH} PKG_CONFIG_PATH=/home/rthom/Documents/Research/Montreal/tactile_rummaging_ws/src/ar_track_alvar/install/ar_track_alvar_msgs/lib/x86_64-linux-gnu/pkgconfig:/home/rthom/Documents/Research/Montreal/tactile_rummaging_ws/src/ar_track_alvar/install/ar_track_alvar_msgs/lib/pkgconfig:${PKG_CONFIG_PATH} PYTHONPATH=/home/rthom/Documents/Research/Montreal/tactile_rummaging_ws/src/ar_track_alvar/install/ar_track_alvar_msgs/lib/python3/dist-packages:${PYTHONPATH} ROS_PACKAGE_PATH=/home/rthom/Documents/Research/Montreal/tactile_rummaging_ws/src/ar_track_alvar/install/ar_track_alvar_msgs/share:${ROS_PACKAGE_PATH} /usr/bin/cmake --build /home/rthom/Documents/Research/Montreal/tactile_rummaging_ws/src/ar_track_alvar/build/ar_track_alvar --target tests -- -j12 -l12
[49.261s] DEBUG:colcon.colcon_core.event_handler.log_command:Invoking command in '/home/rthom/Documents/Research/Montreal/tactile_rummaging_ws/src/ar_track_alvar/build/ar_track_alvar': CMAKE_PREFIX_PATH=/home/rthom/Documents/Research/Montreal/tactile_rummaging_ws/src/ar_track_alvar/install/ar_track_alvar_msgs:${CMAKE_PREFIX_PATH} PKG_CONFIG_PATH=/home/rthom/Documents/Research/Montreal/tactile_rummaging_ws/src/ar_track_alvar/install/ar_track_alvar_msgs/lib/x86_64-linux-gnu/pkgconfig:/home/rthom/Documents/Research/Montreal/tactile_rummaging_ws/src/ar_track_alvar/install/ar_track_alvar_msgs/lib/pkgconfig:${PKG_CONFIG_PATH} PYTHONPATH=/home/rthom/Documents/Research/Montreal/tactile_rummaging_ws/src/ar_track_alvar/install/ar_track_alvar_msgs/lib/python3/dist-packages:${PYTHONPATH} ROS_PACKAGE_PATH=/home/rthom/Documents/Research/Montreal/tactile_rummaging_ws/src/ar_track_alvar/install/ar_track_alvar_msgs/share:${ROS_PACKAGE_PATH} /usr/bin/cmake --install /home/rthom/Documents/Research/Montreal/tactile_rummaging_ws/src/ar_track_alvar/build/ar_track_alvar
[49.324s] DEBUG:colcon.colcon_core.event_handler.log_command:Invoked command in '/home/rthom/Documents/Research/Montreal/tactile_rummaging_ws/src/ar_track_alvar/build/ar_track_alvar' returned '0': CMAKE_PREFIX_PATH=/home/rthom/Documents/Research/Montreal/tactile_rummaging_ws/src/ar_track_alvar/install/ar_track_alvar_msgs:${CMAKE_PREFIX_PATH} PKG_CONFIG_PATH=/home/rthom/Documents/Research/Montreal/tactile_rummaging_ws/src/ar_track_alvar/install/ar_track_alvar_msgs/lib/x86_64-linux-gnu/pkgconfig:/home/rthom/Documents/Research/Montreal/tactile_rummaging_ws/src/ar_track_alvar/install/ar_track_alvar_msgs/lib/pkgconfig:${PKG_CONFIG_PATH} PYTHONPATH=/home/rthom/Documents/Research/Montreal/tactile_rummaging_ws/src/ar_track_alvar/install/ar_track_alvar_msgs/lib/python3/dist-packages:${PYTHONPATH} ROS_PACKAGE_PATH=/home/rthom/Documents/Research/Montreal/tactile_rummaging_ws/src/ar_track_alvar/install/ar_track_alvar_msgs/share:${ROS_PACKAGE_PATH} /usr/bin/cmake --install /home/rthom/Documents/Research/Montreal/tactile_rummaging_ws/src/ar_track_alvar/build/ar_track_alvar
[49.464s] Level 1:colcon.colcon_core.shell:create_environment_hook('ar_track_alvar', 'ros_package_path')
[49.472s] INFO:colcon.colcon_core.shell:Creating environment hook '/home/rthom/Documents/Research/Montreal/tactile_rummaging_ws/src/ar_track_alvar/install/ar_track_alvar/share/ar_track_alvar/hook/ros_package_path.ps1'
[49.473s] INFO:colcon.colcon_core.shell:Creating environment descriptor '/home/rthom/Documents/Research/Montreal/tactile_rummaging_ws/src/ar_track_alvar/install/ar_track_alvar/share/ar_track_alvar/hook/ros_package_path.dsv'
[49.473s] INFO:colcon.colcon_core.shell:Creating environment hook '/home/rthom/Documents/Research/Montreal/tactile_rummaging_ws/src/ar_track_alvar/install/ar_track_alvar/share/ar_track_alvar/hook/ros_package_path.sh'
[49.474s] Level 1:colcon.colcon_ros.task.catkin:checking '/home/rthom/Documents/Research/Montreal/tactile_rummaging_ws/src/ar_track_alvar/install/ar_track_alvar/lib/python3/dist-packages'
[49.474s] Level 1:colcon.colcon_core.shell:create_environment_hook('ar_track_alvar', 'catkin_pythonpath')
[49.483s] INFO:colcon.colcon_core.shell:Creating environment hook '/home/rthom/Documents/Research/Montreal/tactile_rummaging_ws/src/ar_track_alvar/install/ar_track_alvar/share/ar_track_alvar/hook/catkin_pythonpath.ps1'
[49.484s] INFO:colcon.colcon_core.shell:Creating environment descriptor '/home/rthom/Documents/Research/Montreal/tactile_rummaging_ws/src/ar_track_alvar/install/ar_track_alvar/share/ar_track_alvar/hook/catkin_pythonpath.dsv'
[49.484s] INFO:colcon.colcon_core.shell:Creating environment hook '/home/rthom/Documents/Research/Montreal/tactile_rummaging_ws/src/ar_track_alvar/install/ar_track_alvar/share/ar_track_alvar/hook/catkin_pythonpath.sh'
[49.485s] Level 1:colcon.colcon_core.shell:create_environment_hook('ar_track_alvar', 'pkg_config_path')
[49.492s] INFO:colcon.colcon_core.shell:Creating environment hook '/home/rthom/Documents/Research/Montreal/tactile_rummaging_ws/src/ar_track_alvar/install/ar_track_alvar/share/ar_track_alvar/hook/pkg_config_path.ps1'
[49.493s] INFO:colcon.colcon_core.shell:Creating environment descriptor '/home/rthom/Documents/Research/Montreal/tactile_rummaging_ws/src/ar_track_alvar/install/ar_track_alvar/share/ar_track_alvar/hook/pkg_config_path.dsv'
[49.493s] INFO:colcon.colcon_core.shell:Creating environment hook '/home/rthom/Documents/Research/Montreal/tactile_rummaging_ws/src/ar_track_alvar/install/ar_track_alvar/share/ar_track_alvar/hook/pkg_config_path.sh'
[49.493s] Level 1:colcon.colcon_core.shell:create_environment_hook('ar_track_alvar', 'pkg_config_path_multiarch')
[49.500s] INFO:colcon.colcon_core.shell:Creating environment hook '/home/rthom/Documents/Research/Montreal/tactile_rummaging_ws/src/ar_track_alvar/install/ar_track_alvar/share/ar_track_alvar/hook/pkg_config_path_multiarch.ps1'
[49.500s] INFO:colcon.colcon_core.shell:Creating environment descriptor '/home/rthom/Documents/Research/Montreal/tactile_rummaging_ws/src/ar_track_alvar/install/ar_track_alvar/share/ar_track_alvar/hook/pkg_config_path_multiarch.dsv'
[49.501s] INFO:colcon.colcon_core.shell:Creating environment hook '/home/rthom/Documents/Research/Montreal/tactile_rummaging_ws/src/ar_track_alvar/install/ar_track_alvar/share/ar_track_alvar/hook/pkg_config_path_multiarch.sh'
[49.507s] Level 1:colcon.colcon_core.environment:create_environment_scripts_only(ar_track_alvar)
[49.514s] Level 1:colcon.colcon_core.environment:checking '/home/rthom/Documents/Research/Montreal/tactile_rummaging_ws/src/ar_track_alvar/install/ar_track_alvar' for CMake module files
[49.515s] Level 1:colcon.colcon_core.environment:checking '/home/rthom/Documents/Research/Montreal/tactile_rummaging_ws/src/ar_track_alvar/install/ar_track_alvar' for CMake config files
[49.515s] Level 1:colcon.colcon_core.shell:create_environment_hook('ar_track_alvar', 'cmake_prefix_path')
[49.522s] INFO:colcon.colcon_core.shell:Creating environment hook '/home/rthom/Documents/Research/Montreal/tactile_rummaging_ws/src/ar_track_alvar/install/ar_track_alvar/share/ar_track_alvar/hook/cmake_prefix_path.ps1'
[49.523s] INFO:colcon.colcon_core.shell:Creating environment descriptor '/home/rthom/Documents/Research/Montreal/tactile_rummaging_ws/src/ar_track_alvar/install/ar_track_alvar/share/ar_track_alvar/hook/cmake_prefix_path.dsv'
[49.523s] INFO:colcon.colcon_core.shell:Creating environment hook '/home/rthom/Documents/Research/Montreal/tactile_rummaging_ws/src/ar_track_alvar/install/ar_track_alvar/share/ar_track_alvar/hook/cmake_prefix_path.sh'
[49.524s] Level 1:colcon.colcon_core.environment:checking '/home/rthom/Documents/Research/Montreal/tactile_rummaging_ws/src/ar_track_alvar/install/ar_track_alvar/lib'
[49.524s] Level 1:colcon.colcon_core.shell:create_environment_hook('ar_track_alvar', 'ld_library_path_lib')
[49.531s] INFO:colcon.colcon_core.shell:Creating environment hook '/home/rthom/Documents/Research/Montreal/tactile_rummaging_ws/src/ar_track_alvar/install/ar_track_alvar/share/ar_track_alvar/hook/ld_library_path_lib.ps1'
[49.531s] INFO:colcon.colcon_core.shell:Creating environment descriptor '/home/rthom/Documents/Research/Montreal/tactile_rummaging_ws/src/ar_track_alvar/install/ar_track_alvar/share/ar_track_alvar/hook/ld_library_path_lib.dsv'
[49.532s] INFO:colcon.colcon_core.shell:Creating environment hook '/home/rthom/Documents/Research/Montreal/tactile_rummaging_ws/src/ar_track_alvar/install/ar_track_alvar/share/ar_track_alvar/hook/ld_library_path_lib.sh'
[49.532s] Level 1:colcon.colcon_core.environment:checking '/home/rthom/Documents/Research/Montreal/tactile_rummaging_ws/src/ar_track_alvar/install/ar_track_alvar/bin'
[49.532s] Level 1:colcon.colcon_core.environment:checking '/home/rthom/Documents/Research/Montreal/tactile_rummaging_ws/src/ar_track_alvar/install/ar_track_alvar/lib/pkgconfig/ar_track_alvar.pc'
[49.532s] Level 1:colcon.colcon_core.shell:create_environment_hook('ar_track_alvar', 'pkg_config')
[49.539s] INFO:colcon.colcon_core.shell:Creating environment hook '/home/rthom/Documents/Research/Montreal/tactile_rummaging_ws/src/ar_track_alvar/install/ar_track_alvar/share/ar_track_alvar/hook/pkg_config.ps1'
[49.540s] INFO:colcon.colcon_core.shell:Creating environment descriptor '/home/rthom/Documents/Research/Montreal/tactile_rummaging_ws/src/ar_track_alvar/install/ar_track_alvar/share/ar_track_alvar/hook/pkg_config.dsv'
[49.540s] INFO:colcon.colcon_core.shell:Creating environment hook '/home/rthom/Documents/Research/Montreal/tactile_rummaging_ws/src/ar_track_alvar/install/ar_track_alvar/share/ar_track_alvar/hook/pkg_config.sh'
[49.540s] Level 1:colcon.colcon_core.environment:checking '/home/rthom/Documents/Research/Montreal/tactile_rummaging_ws/src/ar_track_alvar/install/ar_track_alvar/lib/python3.8/site-packages'
[49.549s] INFO:colcon.colcon_core.shell:Creating package script '/home/rthom/Documents/Research/Montreal/tactile_rummaging_ws/src/ar_track_alvar/install/ar_track_alvar/share/ar_track_alvar/package.ps1'
[49.550s] INFO:colcon.colcon_core.shell:Creating package descriptor '/home/rthom/Documents/Research/Montreal/tactile_rummaging_ws/src/ar_track_alvar/install/ar_track_alvar/share/ar_track_alvar/package.dsv'
[49.551s] INFO:colcon.colcon_core.shell:Creating package script '/home/rthom/Documents/Research/Montreal/tactile_rummaging_ws/src/ar_track_alvar/install/ar_track_alvar/share/ar_track_alvar/package.sh'
[49.551s] INFO:colcon.colcon_core.shell:Creating package script '/home/rthom/Documents/Research/Montreal/tactile_rummaging_ws/src/ar_track_alvar/install/ar_track_alvar/share/ar_track_alvar/package.bash'
[49.552s] INFO:colcon.colcon_core.shell:Creating package script '/home/rthom/Documents/Research/Montreal/tactile_rummaging_ws/src/ar_track_alvar/install/ar_track_alvar/share/ar_track_alvar/package.zsh'
[49.552s] Level 1:colcon.colcon_core.environment:create_file_with_runtime_dependencies(/home/rthom/Documents/Research/Montreal/tactile_rummaging_ws/src/ar_track_alvar/install/ar_track_alvar/share/colcon-core/packages/ar_track_alvar)
[49.553s] DEBUG:colcon.colcon_parallel_executor.executor.parallel:closing loop
[49.553s] DEBUG:colcon.colcon_parallel_executor.executor.parallel:loop closed
[49.553s] DEBUG:colcon.colcon_parallel_executor.executor.parallel:run_until_complete finished with '0'
[49.553s] DEBUG:colcon.colcon_core.event_reactor:joining thread
[49.564s] INFO:colcon.colcon_core.plugin_system:Skipping extension 'colcon_notification.desktop_notification.terminal_notifier': Not used on non-Darwin systems
[49.564s] INFO:colcon.colcon_core.plugin_system:Skipping extension 'colcon_notification.desktop_notification.win32': Not used on non-Windows systems
[49.564s] INFO:colcon.colcon_notification.desktop_notification:Sending desktop notification using 'notify2'
[49.587s] DEBUG:colcon.colcon_core.event_reactor:joined thread
[49.593s] INFO:colcon.colcon_core.shell:Creating prefix script '/home/rthom/Documents/Research/Montreal/tactile_rummaging_ws/src/ar_track_alvar/install/local_setup.ps1'
[49.594s] INFO:colcon.colcon_core.shell:Creating prefix util module '/home/rthom/Documents/Research/Montreal/tactile_rummaging_ws/src/ar_track_alvar/install/_local_setup_util_ps1.py'
[49.595s] INFO:colcon.colcon_core.shell:Creating prefix chain script '/home/rthom/Documents/Research/Montreal/tactile_rummaging_ws/src/ar_track_alvar/install/setup.ps1'
[49.600s] INFO:colcon.colcon_core.shell:Creating prefix script '/home/rthom/Documents/Research/Montreal/tactile_rummaging_ws/src/ar_track_alvar/install/local_setup.sh'
[49.600s] INFO:colcon.colcon_core.shell:Creating prefix util module '/home/rthom/Documents/Research/Montreal/tactile_rummaging_ws/src/ar_track_alvar/install/_local_setup_util_sh.py'
[49.601s] INFO:colcon.colcon_core.shell:Creating prefix chain script '/home/rthom/Documents/Research/Montreal/tactile_rummaging_ws/src/ar_track_alvar/install/setup.sh'
[49.605s] INFO:colcon.colcon_core.shell:Creating prefix script '/home/rthom/Documents/Research/Montreal/tactile_rummaging_ws/src/ar_track_alvar/install/local_setup.bash'
[49.605s] INFO:colcon.colcon_core.shell:Creating prefix chain script '/home/rthom/Documents/Research/Montreal/tactile_rummaging_ws/src/ar_track_alvar/install/setup.bash'
[49.609s] INFO:colcon.colcon_core.shell:Creating prefix script '/home/rthom/Documents/Research/Montreal/tactile_rummaging_ws/src/ar_track_alvar/install/local_setup.zsh'
[49.610s] INFO:colcon.colcon_core.shell:Creating prefix chain script '/home/rthom/Documents/Research/Montreal/tactile_rummaging_ws/src/ar_track_alvar/install/setup.zsh'
