-- The C compiler identification is GNU 9.3.0
-- The CXX compiler identification is GNU 9.3.0
-- Check for working C compiler: /usr/bin/cc
-- Check for working C compiler: /usr/bin/cc -- works
-- Detecting C compiler ABI info
-- Detecting C compiler ABI info - done
-- Detecting C compile features
-- Detecting C compile features - done
-- Check for working CXX compiler: /usr/bin/c++
-- Check for working CXX compiler: /usr/bin/c++ -- works
-- Detecting CXX compiler ABI info
-- Detecting CXX compiler ABI info - done
-- Detecting CXX compile features
-- Detecting CXX compile features - done
-- Using CATKIN_DEVEL_PREFIX: /home/rthom/Documents/Research/Montreal/tactile_rummaging_ws/src/ar_track_alvar/build/ar_track_alvar_msgs/devel
-- Using CMAKE_PREFIX_PATH: /home/rthom/Documents/Research/Montreal/tactile_rummaging_ws/devel;/opt/ros/noetic
-- This workspace overlays: /home/rthom/Documents/Research/Montreal/tactile_rummaging_ws/devel;/opt/ros/noetic
-- Found PythonInterp: /usr/bin/python3 (found suitable version "3.8.10", minimum required is "3") 
-- Using PYTHON_EXECUTABLE: /usr/bin/python3
-- Using Debian Python package layout
-- Found PY_em: /usr/lib/python3/dist-packages/em.py  
-- Using empy: /usr/lib/python3/dist-packages/em.py
-- Using CATKIN_ENABLE_TESTING: ON
-- Call enable_testing()
-- Using CATKIN_TEST_RESULTS_DIR: /home/rthom/Documents/Research/Montreal/tactile_rummaging_ws/src/ar_track_alvar/build/ar_track_alvar_msgs/test_results
-- Forcing gtest/gmock from source, though one was otherwise available.
-- Found gtest sources under '/usr/src/googletest': gtests will be built
-- Found gmock sources under '/usr/src/googletest': gmock will be built
-- Found PythonInterp: /usr/bin/python3 (found version "3.8.10") 
-- Found Threads: TRUE  
-- Using Python nosetests: /usr/bin/nosetests3
-- catkin 0.8.10
-- BUILD_SHARED_LIBS is on
-- Using these message generators: gencpp;geneus;genlisp;gennodejs;genpy
-- ar_track_alvar_msgs: 2 messages, 0 services
-- Configuring done
-- Generating done
-- Build files have been written to: /home/rthom/Documents/Research/Montreal/tactile_rummaging_ws/src/ar_track_alvar/build/ar_track_alvar_msgs
[35m[1mScanning dependencies of target std_msgs_generate_messages_cpp[0m
[35m[1mScanning dependencies of target _ar_track_alvar_msgs_generate_messages_check_deps_AlvarMarker[0m
[35m[1mScanning dependencies of target std_msgs_generate_messages_py[0m
[35m[1mScanning dependencies of target geometry_msgs_generate_messages_py[0m
[35m[1mScanning dependencies of target geometry_msgs_generate_messages_nodejs[0m
[35m[1mScanning dependencies of target std_msgs_generate_messages_eus[0m
[35m[1mScanning dependencies of target _ar_track_alvar_msgs_generate_messages_check_deps_AlvarMarkers[0m
[35m[1mScanning dependencies of target std_msgs_generate_messages_lisp[0m
[35m[1mScanning dependencies of target std_msgs_generate_messages_nodejs[0m
[35m[1mScanning dependencies of target geometry_msgs_generate_messages_cpp[0m
[35m[1mScanning dependencies of target geometry_msgs_generate_messages_lisp[0m
[35m[1mScanning dependencies of target geometry_msgs_generate_messages_eus[0m
[  0%] Built target std_msgs_generate_messages_py
[  0%] Built target geometry_msgs_generate_messages_nodejs
[  0%] Built target geometry_msgs_generate_messages_py
[  0%] Built target std_msgs_generate_messages_nodejs
[  0%] Built target std_msgs_generate_messages_cpp
[  0%] Built target std_msgs_generate_messages_eus
[  0%] Built target std_msgs_generate_messages_lisp
[  0%] Built target geometry_msgs_generate_messages_cpp
[  0%] Built target geometry_msgs_generate_messages_lisp
[  0%] Built target geometry_msgs_generate_messages_eus
[  0%] Built target _ar_track_alvar_msgs_generate_messages_check_deps_AlvarMarker
[  0%] Built target _ar_track_alvar_msgs_generate_messages_check_deps_AlvarMarkers
[35m[1mScanning dependencies of target ar_track_alvar_msgs_generate_messages_nodejs[0m
[35m[1mScanning dependencies of target ar_track_alvar_msgs_generate_messages_lisp[0m
[35m[1mScanning dependencies of target ar_track_alvar_msgs_generate_messages_cpp[0m
[35m[1mScanning dependencies of target ar_track_alvar_msgs_generate_messages_eus[0m
[35m[1mScanning dependencies of target ar_track_alvar_msgs_generate_messages_py[0m
[ 25%] [34m[1mGenerating C++ code from ar_track_alvar_msgs/AlvarMarker.msg[0m
[ 25%] [34m[1mGenerating Lisp code from ar_track_alvar_msgs/AlvarMarker.msg[0m
[ 33%] [34m[1mGenerating Javascript code from ar_track_alvar_msgs/AlvarMarker.msg[0m
[ 41%] [34m[1mGenerating C++ code from ar_track_alvar_msgs/AlvarMarkers.msg[0m
[ 25%] [34m[1mGenerating Lisp code from ar_track_alvar_msgs/AlvarMarkers.msg[0m
[ 50%] [34m[1mGenerating Javascript code from ar_track_alvar_msgs/AlvarMarkers.msg[0m
[ 58%] [34m[1mGenerating EusLisp code from ar_track_alvar_msgs/AlvarMarker.msg[0m
[ 66%] [34m[1mGenerating Python from MSG ar_track_alvar_msgs/AlvarMarker[0m
[ 75%] [34m[1mGenerating EusLisp code from ar_track_alvar_msgs/AlvarMarkers.msg[0m
[ 83%] [34m[1mGenerating EusLisp manifest code for ar_track_alvar_msgs[0m
[ 91%] [34m[1mGenerating Python from MSG ar_track_alvar_msgs/AlvarMarkers[0m
[ 91%] Built target ar_track_alvar_msgs_generate_messages_lisp
[ 91%] Built target ar_track_alvar_msgs_generate_messages_nodejs
[ 91%] Built target ar_track_alvar_msgs_generate_messages_cpp
[100%] [34m[1mGenerating Python msg __init__.py for ar_track_alvar_msgs[0m
[100%] Built target ar_track_alvar_msgs_generate_messages_py
[100%] Built target ar_track_alvar_msgs_generate_messages_eus
[35m[1mScanning dependencies of target ar_track_alvar_msgs_generate_messages[0m
[100%] Built target ar_track_alvar_msgs_generate_messages
[35m[1mScanning dependencies of target tests[0m
Built target tests
-- Install configuration: ""
-- Installing: /home/rthom/Documents/Research/Montreal/tactile_rummaging_ws/src/ar_track_alvar/install/ar_track_alvar_msgs/share/ar_track_alvar_msgs/msg/AlvarMarker.msg
-- Installing: /home/rthom/Documents/Research/Montreal/tactile_rummaging_ws/src/ar_track_alvar/install/ar_track_alvar_msgs/share/ar_track_alvar_msgs/msg/AlvarMarkers.msg
-- Installing: /home/rthom/Documents/Research/Montreal/tactile_rummaging_ws/src/ar_track_alvar/install/ar_track_alvar_msgs/share/ar_track_alvar_msgs/cmake/ar_track_alvar_msgs-msg-paths.cmake
-- Installing: /home/rthom/Documents/Research/Montreal/tactile_rummaging_ws/src/ar_track_alvar/install/ar_track_alvar_msgs/include/ar_track_alvar_msgs
-- Installing: /home/rthom/Documents/Research/Montreal/tactile_rummaging_ws/src/ar_track_alvar/install/ar_track_alvar_msgs/include/ar_track_alvar_msgs/AlvarMarker.h
-- Installing: /home/rthom/Documents/Research/Montreal/tactile_rummaging_ws/src/ar_track_alvar/install/ar_track_alvar_msgs/include/ar_track_alvar_msgs/AlvarMarkers.h
-- Installing: /home/rthom/Documents/Research/Montreal/tactile_rummaging_ws/src/ar_track_alvar/install/ar_track_alvar_msgs/share/roseus/ros/ar_track_alvar_msgs
-- Installing: /home/rthom/Documents/Research/Montreal/tactile_rummaging_ws/src/ar_track_alvar/install/ar_track_alvar_msgs/share/roseus/ros/ar_track_alvar_msgs/msg
-- Installing: /home/rthom/Documents/Research/Montreal/tactile_rummaging_ws/src/ar_track_alvar/install/ar_track_alvar_msgs/share/roseus/ros/ar_track_alvar_msgs/msg/AlvarMarkers.l
-- Installing: /home/rthom/Documents/Research/Montreal/tactile_rummaging_ws/src/ar_track_alvar/install/ar_track_alvar_msgs/share/roseus/ros/ar_track_alvar_msgs/msg/AlvarMarker.l
-- Installing: /home/rthom/Documents/Research/Montreal/tactile_rummaging_ws/src/ar_track_alvar/install/ar_track_alvar_msgs/share/roseus/ros/ar_track_alvar_msgs/manifest.l
-- Installing: /home/rthom/Documents/Research/Montreal/tactile_rummaging_ws/src/ar_track_alvar/install/ar_track_alvar_msgs/share/common-lisp/ros/ar_track_alvar_msgs
-- Installing: /home/rthom/Documents/Research/Montreal/tactile_rummaging_ws/src/ar_track_alvar/install/ar_track_alvar_msgs/share/common-lisp/ros/ar_track_alvar_msgs/msg
-- Installing: /home/rthom/Documents/Research/Montreal/tactile_rummaging_ws/src/ar_track_alvar/install/ar_track_alvar_msgs/share/common-lisp/ros/ar_track_alvar_msgs/msg/_package_AlvarMarker.lisp
-- Installing: /home/rthom/Documents/Research/Montreal/tactile_rummaging_ws/src/ar_track_alvar/install/ar_track_alvar_msgs/share/common-lisp/ros/ar_track_alvar_msgs/msg/AlvarMarker.lisp
-- Installing: /home/rthom/Documents/Research/Montreal/tactile_rummaging_ws/src/ar_track_alvar/install/ar_track_alvar_msgs/share/common-lisp/ros/ar_track_alvar_msgs/msg/ar_track_alvar_msgs-msg.asd
-- Installing: /home/rthom/Documents/Research/Montreal/tactile_rummaging_ws/src/ar_track_alvar/install/ar_track_alvar_msgs/share/common-lisp/ros/ar_track_alvar_msgs/msg/_package_AlvarMarkers.lisp
-- Installing: /home/rthom/Documents/Research/Montreal/tactile_rummaging_ws/src/ar_track_alvar/install/ar_track_alvar_msgs/share/common-lisp/ros/ar_track_alvar_msgs/msg/_package.lisp
-- Installing: /home/rthom/Documents/Research/Montreal/tactile_rummaging_ws/src/ar_track_alvar/install/ar_track_alvar_msgs/share/common-lisp/ros/ar_track_alvar_msgs/msg/AlvarMarkers.lisp
-- Installing: /home/rthom/Documents/Research/Montreal/tactile_rummaging_ws/src/ar_track_alvar/install/ar_track_alvar_msgs/share/gennodejs/ros/ar_track_alvar_msgs
-- Installing: /home/rthom/Documents/Research/Montreal/tactile_rummaging_ws/src/ar_track_alvar/install/ar_track_alvar_msgs/share/gennodejs/ros/ar_track_alvar_msgs/msg
-- Installing: /home/rthom/Documents/Research/Montreal/tactile_rummaging_ws/src/ar_track_alvar/install/ar_track_alvar_msgs/share/gennodejs/ros/ar_track_alvar_msgs/msg/AlvarMarkers.js
-- Installing: /home/rthom/Documents/Research/Montreal/tactile_rummaging_ws/src/ar_track_alvar/install/ar_track_alvar_msgs/share/gennodejs/ros/ar_track_alvar_msgs/msg/AlvarMarker.js
-- Installing: /home/rthom/Documents/Research/Montreal/tactile_rummaging_ws/src/ar_track_alvar/install/ar_track_alvar_msgs/share/gennodejs/ros/ar_track_alvar_msgs/msg/_index.js
-- Installing: /home/rthom/Documents/Research/Montreal/tactile_rummaging_ws/src/ar_track_alvar/install/ar_track_alvar_msgs/share/gennodejs/ros/ar_track_alvar_msgs/_index.js
Listing '/home/rthom/Documents/Research/Montreal/tactile_rummaging_ws/src/ar_track_alvar/build/ar_track_alvar_msgs/devel/lib/python3/dist-packages/ar_track_alvar_msgs'...
Compiling '/home/rthom/Documents/Research/Montreal/tactile_rummaging_ws/src/ar_track_alvar/build/ar_track_alvar_msgs/devel/lib/python3/dist-packages/ar_track_alvar_msgs/__init__.py'...
Listing '/home/rthom/Documents/Research/Montreal/tactile_rummaging_ws/src/ar_track_alvar/build/ar_track_alvar_msgs/devel/lib/python3/dist-packages/ar_track_alvar_msgs/msg'...
Compiling '/home/rthom/Documents/Research/Montreal/tactile_rummaging_ws/src/ar_track_alvar/build/ar_track_alvar_msgs/devel/lib/python3/dist-packages/ar_track_alvar_msgs/msg/_AlvarMarker.py'...
Compiling '/home/rthom/Documents/Research/Montreal/tactile_rummaging_ws/src/ar_track_alvar/build/ar_track_alvar_msgs/devel/lib/python3/dist-packages/ar_track_alvar_msgs/msg/_AlvarMarkers.py'...
Compiling '/home/rthom/Documents/Research/Montreal/tactile_rummaging_ws/src/ar_track_alvar/build/ar_track_alvar_msgs/devel/lib/python3/dist-packages/ar_track_alvar_msgs/msg/__init__.py'...
-- Installing: /home/rthom/Documents/Research/Montreal/tactile_rummaging_ws/src/ar_track_alvar/install/ar_track_alvar_msgs/lib/python3/dist-packages/ar_track_alvar_msgs
-- Installing: /home/rthom/Documents/Research/Montreal/tactile_rummaging_ws/src/ar_track_alvar/install/ar_track_alvar_msgs/lib/python3/dist-packages/ar_track_alvar_msgs/__pycache__
-- Installing: /home/rthom/Documents/Research/Montreal/tactile_rummaging_ws/src/ar_track_alvar/install/ar_track_alvar_msgs/lib/python3/dist-packages/ar_track_alvar_msgs/__pycache__/__init__.cpython-38.pyc
-- Installing: /home/rthom/Documents/Research/Montreal/tactile_rummaging_ws/src/ar_track_alvar/install/ar_track_alvar_msgs/lib/python3/dist-packages/ar_track_alvar_msgs/__init__.py
-- Installing: /home/rthom/Documents/Research/Montreal/tactile_rummaging_ws/src/ar_track_alvar/install/ar_track_alvar_msgs/lib/python3/dist-packages/ar_track_alvar_msgs/msg
-- Installing: /home/rthom/Documents/Research/Montreal/tactile_rummaging_ws/src/ar_track_alvar/install/ar_track_alvar_msgs/lib/python3/dist-packages/ar_track_alvar_msgs/msg/__pycache__
-- Installing: /home/rthom/Documents/Research/Montreal/tactile_rummaging_ws/src/ar_track_alvar/install/ar_track_alvar_msgs/lib/python3/dist-packages/ar_track_alvar_msgs/msg/__pycache__/__init__.cpython-38.pyc
-- Installing: /home/rthom/Documents/Research/Montreal/tactile_rummaging_ws/src/ar_track_alvar/install/ar_track_alvar_msgs/lib/python3/dist-packages/ar_track_alvar_msgs/msg/__pycache__/_AlvarMarkers.cpython-38.pyc
-- Installing: /home/rthom/Documents/Research/Montreal/tactile_rummaging_ws/src/ar_track_alvar/install/ar_track_alvar_msgs/lib/python3/dist-packages/ar_track_alvar_msgs/msg/__pycache__/_AlvarMarker.cpython-38.pyc
-- Installing: /home/rthom/Documents/Research/Montreal/tactile_rummaging_ws/src/ar_track_alvar/install/ar_track_alvar_msgs/lib/python3/dist-packages/ar_track_alvar_msgs/msg/_AlvarMarker.py
-- Installing: /home/rthom/Documents/Research/Montreal/tactile_rummaging_ws/src/ar_track_alvar/install/ar_track_alvar_msgs/lib/python3/dist-packages/ar_track_alvar_msgs/msg/__init__.py
-- Installing: /home/rthom/Documents/Research/Montreal/tactile_rummaging_ws/src/ar_track_alvar/install/ar_track_alvar_msgs/lib/python3/dist-packages/ar_track_alvar_msgs/msg/_AlvarMarkers.py
-- Installing: /home/rthom/Documents/Research/Montreal/tactile_rummaging_ws/src/ar_track_alvar/install/ar_track_alvar_msgs/lib/pkgconfig/ar_track_alvar_msgs.pc
-- Installing: /home/rthom/Documents/Research/Montreal/tactile_rummaging_ws/src/ar_track_alvar/install/ar_track_alvar_msgs/share/ar_track_alvar_msgs/cmake/ar_track_alvar_msgs-msg-extras.cmake
-- Installing: /home/rthom/Documents/Research/Montreal/tactile_rummaging_ws/src/ar_track_alvar/install/ar_track_alvar_msgs/share/ar_track_alvar_msgs/cmake/ar_track_alvar_msgsConfig.cmake
-- Installing: /home/rthom/Documents/Research/Montreal/tactile_rummaging_ws/src/ar_track_alvar/install/ar_track_alvar_msgs/share/ar_track_alvar_msgs/cmake/ar_track_alvar_msgsConfig-version.cmake
-- Installing: /home/rthom/Documents/Research/Montreal/tactile_rummaging_ws/src/ar_track_alvar/install/ar_track_alvar_msgs/share/ar_track_alvar_msgs/package.xml
