[0.018s] Invoking command in '/home/rthom/Documents/Research/Montreal/tactile_rummaging_ws/src/ar_track_alvar/build/ar_track_alvar_msgs': /usr/bin/cmake /home/rthom/Documents/Research/Montreal/tactile_rummaging_ws/src/ar_track_alvar/ar_track_alvar_msgs -DCATKIN_INSTALL_INTO_PREFIX_ROOT=0 -DCMAKE_INSTALL_PREFIX=/home/rthom/Documents/Research/Montreal/tactile_rummaging_ws/src/ar_track_alvar/install/ar_track_alvar_msgs
[0.071s] -- The C compiler identification is GNU 9.3.0
[0.121s] -- The CXX compiler identification is GNU 9.3.0
[0.126s] -- Check for working C compiler: /usr/bin/cc
[0.178s] -- Check for working C compiler: /usr/bin/cc -- works
[0.179s] -- Detecting C compiler ABI info
[0.230s] -- Detecting C compiler ABI info - done
[0.247s] -- Detecting C compile features
[0.248s] -- Detecting C compile features - done
[0.253s] -- Check for working CXX compiler: /usr/bin/c++
[0.321s] -- Check for working CXX compiler: /usr/bin/c++ -- works
[0.323s] -- Detecting CXX compiler ABI info
[0.391s] -- Detecting CXX compiler ABI info - done
[0.406s] -- Detecting CXX compile features
[0.406s] -- Detecting CXX compile features - done
[0.409s] -- Using CATKIN_DEVEL_PREFIX: /home/rthom/Documents/Research/Montreal/tactile_rummaging_ws/src/ar_track_alvar/build/ar_track_alvar_msgs/devel
[0.409s] -- Using CMAKE_PREFIX_PATH: /home/rthom/Documents/Research/Montreal/tactile_rummaging_ws/devel;/opt/ros/noetic
[0.409s] -- This workspace overlays: /home/rthom/Documents/Research/Montreal/tactile_rummaging_ws/devel;/opt/ros/noetic
[0.430s] -- Found PythonInterp: /usr/bin/python3 (found suitable version "3.8.10", minimum required is "3") 
[0.430s] -- Using PYTHON_EXECUTABLE: /usr/bin/python3
[0.430s] -- Using Debian Python package layout
[0.460s] -- Found PY_em: /usr/lib/python3/dist-packages/em.py  
[0.460s] -- Using empy: /usr/lib/python3/dist-packages/em.py
[0.572s] -- Using CATKIN_ENABLE_TESTING: ON
[0.572s] -- Call enable_testing()
[0.573s] -- Using CATKIN_TEST_RESULTS_DIR: /home/rthom/Documents/Research/Montreal/tactile_rummaging_ws/src/ar_track_alvar/build/ar_track_alvar_msgs/test_results
[0.822s] -- Forcing gtest/gmock from source, though one was otherwise available.
[0.822s] -- Found gtest sources under '/usr/src/googletest': gtests will be built
[0.822s] -- Found gmock sources under '/usr/src/googletest': gmock will be built
[0.847s] -- Found PythonInterp: /usr/bin/python3 (found version "3.8.10") 
[0.849s] -- Found Threads: TRUE  
[0.853s] -- Using Python nosetests: /usr/bin/nosetests3
[0.904s] -- catkin 0.8.10
[0.904s] -- BUILD_SHARED_LIBS is on
[1.069s] -- Using these message generators: gencpp;geneus;genlisp;gennodejs;genpy
[1.250s] -- ar_track_alvar_msgs: 2 messages, 0 services
[1.387s] -- Configuring done
[1.401s] -- Generating done
[1.404s] -- Build files have been written to: /home/rthom/Documents/Research/Montreal/tactile_rummaging_ws/src/ar_track_alvar/build/ar_track_alvar_msgs
[1.409s] Invoked command in '/home/rthom/Documents/Research/Montreal/tactile_rummaging_ws/src/ar_track_alvar/build/ar_track_alvar_msgs' returned '0': /usr/bin/cmake /home/rthom/Documents/Research/Montreal/tactile_rummaging_ws/src/ar_track_alvar/ar_track_alvar_msgs -DCATKIN_INSTALL_INTO_PREFIX_ROOT=0 -DCMAKE_INSTALL_PREFIX=/home/rthom/Documents/Research/Montreal/tactile_rummaging_ws/src/ar_track_alvar/install/ar_track_alvar_msgs
[1.411s] Invoking command in '/home/rthom/Documents/Research/Montreal/tactile_rummaging_ws/src/ar_track_alvar/build/ar_track_alvar_msgs': /usr/bin/cmake --build /home/rthom/Documents/Research/Montreal/tactile_rummaging_ws/src/ar_track_alvar/build/ar_track_alvar_msgs -- -j12 -l12
[1.448s] [35m[1mScanning dependencies of target std_msgs_generate_messages_cpp[0m
[1.449s] [35m[1mScanning dependencies of target _ar_track_alvar_msgs_generate_messages_check_deps_AlvarMarker[0m
[1.449s] [35m[1mScanning dependencies of target std_msgs_generate_messages_py[0m
[1.450s] [35m[1mScanning dependencies of target geometry_msgs_generate_messages_py[0m
[1.450s] [35m[1mScanning dependencies of target geometry_msgs_generate_messages_nodejs[0m
[1.451s] [35m[1mScanning dependencies of target std_msgs_generate_messages_eus[0m
[1.451s] [35m[1mScanning dependencies of target _ar_track_alvar_msgs_generate_messages_check_deps_AlvarMarkers[0m
[1.451s] [35m[1mScanning dependencies of target std_msgs_generate_messages_lisp[0m
[1.451s] [35m[1mScanning dependencies of target std_msgs_generate_messages_nodejs[0m
[1.453s] [35m[1mScanning dependencies of target geometry_msgs_generate_messages_cpp[0m
[1.454s] [35m[1mScanning dependencies of target geometry_msgs_generate_messages_lisp[0m
[1.460s] [35m[1mScanning dependencies of target geometry_msgs_generate_messages_eus[0m
[1.466s] [  0%] Built target std_msgs_generate_messages_py
[1.466s] [  0%] Built target geometry_msgs_generate_messages_nodejs
[1.466s] [  0%] Built target geometry_msgs_generate_messages_py
[1.466s] [  0%] Built target std_msgs_generate_messages_nodejs
[1.466s] [  0%] Built target std_msgs_generate_messages_cpp
[1.467s] [  0%] Built target std_msgs_generate_messages_eus
[1.467s] [  0%] Built target std_msgs_generate_messages_lisp
[1.468s] [  0%] Built target geometry_msgs_generate_messages_cpp
[1.472s] [  0%] Built target geometry_msgs_generate_messages_lisp
[1.476s] [  0%] Built target geometry_msgs_generate_messages_eus
[1.497s] [  0%] Built target _ar_track_alvar_msgs_generate_messages_check_deps_AlvarMarker
[1.504s] [  0%] Built target _ar_track_alvar_msgs_generate_messages_check_deps_AlvarMarkers
[1.521s] [35m[1mScanning dependencies of target ar_track_alvar_msgs_generate_messages_nodejs[0m
[1.522s] [35m[1mScanning dependencies of target ar_track_alvar_msgs_generate_messages_lisp[0m
[1.522s] [35m[1mScanning dependencies of target ar_track_alvar_msgs_generate_messages_cpp[0m
[1.525s] [35m[1mScanning dependencies of target ar_track_alvar_msgs_generate_messages_eus[0m
[1.526s] [35m[1mScanning dependencies of target ar_track_alvar_msgs_generate_messages_py[0m
[1.539s] [ 25%] [34m[1mGenerating C++ code from ar_track_alvar_msgs/AlvarMarker.msg[0m
[1.539s] [ 25%] [34m[1mGenerating Lisp code from ar_track_alvar_msgs/AlvarMarker.msg[0m
[1.539s] [ 33%] [34m[1mGenerating Javascript code from ar_track_alvar_msgs/AlvarMarker.msg[0m
[1.540s] [ 41%] [34m[1mGenerating C++ code from ar_track_alvar_msgs/AlvarMarkers.msg[0m
[1.540s] [ 25%] [34m[1mGenerating Lisp code from ar_track_alvar_msgs/AlvarMarkers.msg[0m
[1.540s] [ 50%] [34m[1mGenerating Javascript code from ar_track_alvar_msgs/AlvarMarkers.msg[0m
[1.542s] [ 58%] [34m[1mGenerating EusLisp code from ar_track_alvar_msgs/AlvarMarker.msg[0m
[1.544s] [ 66%] [34m[1mGenerating Python from MSG ar_track_alvar_msgs/AlvarMarker[0m
[1.547s] [ 75%] [34m[1mGenerating EusLisp code from ar_track_alvar_msgs/AlvarMarkers.msg[0m
[1.551s] [ 83%] [34m[1mGenerating EusLisp manifest code for ar_track_alvar_msgs[0m
[1.552s] [ 91%] [34m[1mGenerating Python from MSG ar_track_alvar_msgs/AlvarMarkers[0m
[1.639s] [ 91%] Built target ar_track_alvar_msgs_generate_messages_lisp
[1.642s] [ 91%] Built target ar_track_alvar_msgs_generate_messages_nodejs
[1.833s] [ 91%] Built target ar_track_alvar_msgs_generate_messages_cpp
[1.904s] [100%] [34m[1mGenerating Python msg __init__.py for ar_track_alvar_msgs[0m
[2.138s] [100%] Built target ar_track_alvar_msgs_generate_messages_py
[2.320s] [100%] Built target ar_track_alvar_msgs_generate_messages_eus
[2.327s] [35m[1mScanning dependencies of target ar_track_alvar_msgs_generate_messages[0m
[2.335s] [100%] Built target ar_track_alvar_msgs_generate_messages
[2.345s] Invoked command in '/home/rthom/Documents/Research/Montreal/tactile_rummaging_ws/src/ar_track_alvar/build/ar_track_alvar_msgs' returned '0': /usr/bin/cmake --build /home/rthom/Documents/Research/Montreal/tactile_rummaging_ws/src/ar_track_alvar/build/ar_track_alvar_msgs -- -j12 -l12
[2.370s] Invoking command in '/home/rthom/Documents/Research/Montreal/tactile_rummaging_ws/src/ar_track_alvar/build/ar_track_alvar_msgs': /usr/bin/cmake --build /home/rthom/Documents/Research/Montreal/tactile_rummaging_ws/src/ar_track_alvar/build/ar_track_alvar_msgs --target tests -- -j12 -l12
[2.407s] [35m[1mScanning dependencies of target tests[0m
[2.414s] Built target tests
[2.422s] Invoked command in '/home/rthom/Documents/Research/Montreal/tactile_rummaging_ws/src/ar_track_alvar/build/ar_track_alvar_msgs' returned '0': /usr/bin/cmake --build /home/rthom/Documents/Research/Montreal/tactile_rummaging_ws/src/ar_track_alvar/build/ar_track_alvar_msgs --target tests -- -j12 -l12
[2.457s] Invoking command in '/home/rthom/Documents/Research/Montreal/tactile_rummaging_ws/src/ar_track_alvar/build/ar_track_alvar_msgs': /usr/bin/cmake --install /home/rthom/Documents/Research/Montreal/tactile_rummaging_ws/src/ar_track_alvar/build/ar_track_alvar_msgs
[2.463s] -- Install configuration: ""
[2.463s] -- Installing: /home/rthom/Documents/Research/Montreal/tactile_rummaging_ws/src/ar_track_alvar/install/ar_track_alvar_msgs/share/ar_track_alvar_msgs/msg/AlvarMarker.msg
[2.464s] -- Installing: /home/rthom/Documents/Research/Montreal/tactile_rummaging_ws/src/ar_track_alvar/install/ar_track_alvar_msgs/share/ar_track_alvar_msgs/msg/AlvarMarkers.msg
[2.464s] -- Installing: /home/rthom/Documents/Research/Montreal/tactile_rummaging_ws/src/ar_track_alvar/install/ar_track_alvar_msgs/share/ar_track_alvar_msgs/cmake/ar_track_alvar_msgs-msg-paths.cmake
[2.464s] -- Installing: /home/rthom/Documents/Research/Montreal/tactile_rummaging_ws/src/ar_track_alvar/install/ar_track_alvar_msgs/include/ar_track_alvar_msgs
[2.464s] -- Installing: /home/rthom/Documents/Research/Montreal/tactile_rummaging_ws/src/ar_track_alvar/install/ar_track_alvar_msgs/include/ar_track_alvar_msgs/AlvarMarker.h
[2.464s] -- Installing: /home/rthom/Documents/Research/Montreal/tactile_rummaging_ws/src/ar_track_alvar/install/ar_track_alvar_msgs/include/ar_track_alvar_msgs/AlvarMarkers.h
[2.464s] -- Installing: /home/rthom/Documents/Research/Montreal/tactile_rummaging_ws/src/ar_track_alvar/install/ar_track_alvar_msgs/share/roseus/ros/ar_track_alvar_msgs
[2.464s] -- Installing: /home/rthom/Documents/Research/Montreal/tactile_rummaging_ws/src/ar_track_alvar/install/ar_track_alvar_msgs/share/roseus/ros/ar_track_alvar_msgs/msg
[2.465s] -- Installing: /home/rthom/Documents/Research/Montreal/tactile_rummaging_ws/src/ar_track_alvar/install/ar_track_alvar_msgs/share/roseus/ros/ar_track_alvar_msgs/msg/AlvarMarkers.l
[2.465s] -- Installing: /home/rthom/Documents/Research/Montreal/tactile_rummaging_ws/src/ar_track_alvar/install/ar_track_alvar_msgs/share/roseus/ros/ar_track_alvar_msgs/msg/AlvarMarker.l
[2.465s] -- Installing: /home/rthom/Documents/Research/Montreal/tactile_rummaging_ws/src/ar_track_alvar/install/ar_track_alvar_msgs/share/roseus/ros/ar_track_alvar_msgs/manifest.l
[2.465s] -- Installing: /home/rthom/Documents/Research/Montreal/tactile_rummaging_ws/src/ar_track_alvar/install/ar_track_alvar_msgs/share/common-lisp/ros/ar_track_alvar_msgs
[2.465s] -- Installing: /home/rthom/Documents/Research/Montreal/tactile_rummaging_ws/src/ar_track_alvar/install/ar_track_alvar_msgs/share/common-lisp/ros/ar_track_alvar_msgs/msg
[2.465s] -- Installing: /home/rthom/Documents/Research/Montreal/tactile_rummaging_ws/src/ar_track_alvar/install/ar_track_alvar_msgs/share/common-lisp/ros/ar_track_alvar_msgs/msg/_package_AlvarMarker.lisp
[2.465s] -- Installing: /home/rthom/Documents/Research/Montreal/tactile_rummaging_ws/src/ar_track_alvar/install/ar_track_alvar_msgs/share/common-lisp/ros/ar_track_alvar_msgs/msg/AlvarMarker.lisp
[2.465s] -- Installing: /home/rthom/Documents/Research/Montreal/tactile_rummaging_ws/src/ar_track_alvar/install/ar_track_alvar_msgs/share/common-lisp/ros/ar_track_alvar_msgs/msg/ar_track_alvar_msgs-msg.asd
[2.466s] -- Installing: /home/rthom/Documents/Research/Montreal/tactile_rummaging_ws/src/ar_track_alvar/install/ar_track_alvar_msgs/share/common-lisp/ros/ar_track_alvar_msgs/msg/_package_AlvarMarkers.lisp
[2.466s] -- Installing: /home/rthom/Documents/Research/Montreal/tactile_rummaging_ws/src/ar_track_alvar/install/ar_track_alvar_msgs/share/common-lisp/ros/ar_track_alvar_msgs/msg/_package.lisp
[2.466s] -- Installing: /home/rthom/Documents/Research/Montreal/tactile_rummaging_ws/src/ar_track_alvar/install/ar_track_alvar_msgs/share/common-lisp/ros/ar_track_alvar_msgs/msg/AlvarMarkers.lisp
[2.466s] -- Installing: /home/rthom/Documents/Research/Montreal/tactile_rummaging_ws/src/ar_track_alvar/install/ar_track_alvar_msgs/share/gennodejs/ros/ar_track_alvar_msgs
[2.466s] -- Installing: /home/rthom/Documents/Research/Montreal/tactile_rummaging_ws/src/ar_track_alvar/install/ar_track_alvar_msgs/share/gennodejs/ros/ar_track_alvar_msgs/msg
[2.466s] -- Installing: /home/rthom/Documents/Research/Montreal/tactile_rummaging_ws/src/ar_track_alvar/install/ar_track_alvar_msgs/share/gennodejs/ros/ar_track_alvar_msgs/msg/AlvarMarkers.js
[2.466s] -- Installing: /home/rthom/Documents/Research/Montreal/tactile_rummaging_ws/src/ar_track_alvar/install/ar_track_alvar_msgs/share/gennodejs/ros/ar_track_alvar_msgs/msg/AlvarMarker.js
[2.466s] -- Installing: /home/rthom/Documents/Research/Montreal/tactile_rummaging_ws/src/ar_track_alvar/install/ar_track_alvar_msgs/share/gennodejs/ros/ar_track_alvar_msgs/msg/_index.js
[2.466s] -- Installing: /home/rthom/Documents/Research/Montreal/tactile_rummaging_ws/src/ar_track_alvar/install/ar_track_alvar_msgs/share/gennodejs/ros/ar_track_alvar_msgs/_index.js
[2.492s] Listing '/home/rthom/Documents/Research/Montreal/tactile_rummaging_ws/src/ar_track_alvar/build/ar_track_alvar_msgs/devel/lib/python3/dist-packages/ar_track_alvar_msgs'...
[2.493s] Compiling '/home/rthom/Documents/Research/Montreal/tactile_rummaging_ws/src/ar_track_alvar/build/ar_track_alvar_msgs/devel/lib/python3/dist-packages/ar_track_alvar_msgs/__init__.py'...
[2.493s] Listing '/home/rthom/Documents/Research/Montreal/tactile_rummaging_ws/src/ar_track_alvar/build/ar_track_alvar_msgs/devel/lib/python3/dist-packages/ar_track_alvar_msgs/msg'...
[2.493s] Compiling '/home/rthom/Documents/Research/Montreal/tactile_rummaging_ws/src/ar_track_alvar/build/ar_track_alvar_msgs/devel/lib/python3/dist-packages/ar_track_alvar_msgs/msg/_AlvarMarker.py'...
[2.493s] Compiling '/home/rthom/Documents/Research/Montreal/tactile_rummaging_ws/src/ar_track_alvar/build/ar_track_alvar_msgs/devel/lib/python3/dist-packages/ar_track_alvar_msgs/msg/_AlvarMarkers.py'...
[2.493s] Compiling '/home/rthom/Documents/Research/Montreal/tactile_rummaging_ws/src/ar_track_alvar/build/ar_track_alvar_msgs/devel/lib/python3/dist-packages/ar_track_alvar_msgs/msg/__init__.py'...
[2.495s] -- Installing: /home/rthom/Documents/Research/Montreal/tactile_rummaging_ws/src/ar_track_alvar/install/ar_track_alvar_msgs/lib/python3/dist-packages/ar_track_alvar_msgs
[2.496s] -- Installing: /home/rthom/Documents/Research/Montreal/tactile_rummaging_ws/src/ar_track_alvar/install/ar_track_alvar_msgs/lib/python3/dist-packages/ar_track_alvar_msgs/__pycache__
[2.496s] -- Installing: /home/rthom/Documents/Research/Montreal/tactile_rummaging_ws/src/ar_track_alvar/install/ar_track_alvar_msgs/lib/python3/dist-packages/ar_track_alvar_msgs/__pycache__/__init__.cpython-38.pyc
[2.496s] -- Installing: /home/rthom/Documents/Research/Montreal/tactile_rummaging_ws/src/ar_track_alvar/install/ar_track_alvar_msgs/lib/python3/dist-packages/ar_track_alvar_msgs/__init__.py
[2.496s] -- Installing: /home/rthom/Documents/Research/Montreal/tactile_rummaging_ws/src/ar_track_alvar/install/ar_track_alvar_msgs/lib/python3/dist-packages/ar_track_alvar_msgs/msg
[2.496s] -- Installing: /home/rthom/Documents/Research/Montreal/tactile_rummaging_ws/src/ar_track_alvar/install/ar_track_alvar_msgs/lib/python3/dist-packages/ar_track_alvar_msgs/msg/__pycache__
[2.496s] -- Installing: /home/rthom/Documents/Research/Montreal/tactile_rummaging_ws/src/ar_track_alvar/install/ar_track_alvar_msgs/lib/python3/dist-packages/ar_track_alvar_msgs/msg/__pycache__/__init__.cpython-38.pyc
[2.496s] -- Installing: /home/rthom/Documents/Research/Montreal/tactile_rummaging_ws/src/ar_track_alvar/install/ar_track_alvar_msgs/lib/python3/dist-packages/ar_track_alvar_msgs/msg/__pycache__/_AlvarMarkers.cpython-38.pyc
[2.497s] -- Installing: /home/rthom/Documents/Research/Montreal/tactile_rummaging_ws/src/ar_track_alvar/install/ar_track_alvar_msgs/lib/python3/dist-packages/ar_track_alvar_msgs/msg/__pycache__/_AlvarMarker.cpython-38.pyc
[2.497s] -- Installing: /home/rthom/Documents/Research/Montreal/tactile_rummaging_ws/src/ar_track_alvar/install/ar_track_alvar_msgs/lib/python3/dist-packages/ar_track_alvar_msgs/msg/_AlvarMarker.py
[2.497s] -- Installing: /home/rthom/Documents/Research/Montreal/tactile_rummaging_ws/src/ar_track_alvar/install/ar_track_alvar_msgs/lib/python3/dist-packages/ar_track_alvar_msgs/msg/__init__.py
[2.497s] -- Installing: /home/rthom/Documents/Research/Montreal/tactile_rummaging_ws/src/ar_track_alvar/install/ar_track_alvar_msgs/lib/python3/dist-packages/ar_track_alvar_msgs/msg/_AlvarMarkers.py
[2.497s] -- Installing: /home/rthom/Documents/Research/Montreal/tactile_rummaging_ws/src/ar_track_alvar/install/ar_track_alvar_msgs/lib/pkgconfig/ar_track_alvar_msgs.pc
[2.497s] -- Installing: /home/rthom/Documents/Research/Montreal/tactile_rummaging_ws/src/ar_track_alvar/install/ar_track_alvar_msgs/share/ar_track_alvar_msgs/cmake/ar_track_alvar_msgs-msg-extras.cmake
[2.497s] -- Installing: /home/rthom/Documents/Research/Montreal/tactile_rummaging_ws/src/ar_track_alvar/install/ar_track_alvar_msgs/share/ar_track_alvar_msgs/cmake/ar_track_alvar_msgsConfig.cmake
[2.497s] -- Installing: /home/rthom/Documents/Research/Montreal/tactile_rummaging_ws/src/ar_track_alvar/install/ar_track_alvar_msgs/share/ar_track_alvar_msgs/cmake/ar_track_alvar_msgsConfig-version.cmake
[2.498s] -- Installing: /home/rthom/Documents/Research/Montreal/tactile_rummaging_ws/src/ar_track_alvar/install/ar_track_alvar_msgs/share/ar_track_alvar_msgs/package.xml
[2.499s] Invoked command in '/home/rthom/Documents/Research/Montreal/tactile_rummaging_ws/src/ar_track_alvar/build/ar_track_alvar_msgs' returned '0': /usr/bin/cmake --install /home/rthom/Documents/Research/Montreal/tactile_rummaging_ws/src/ar_track_alvar/build/ar_track_alvar_msgs
